{"/home/amos/Documents/phase3/foodtonomous-server/app.js": {"path":"/home/amos/Documents/phase3/foodtonomous-server/app.js","statementMap":{"0":{"start":{"line":1,"column":16},"end":{"line":1,"column":34}},"1":{"start":{"line":2,"column":17},"end":{"line":2,"column":36}},"2":{"start":{"line":3,"column":21},"end":{"line":3,"column":57}},"3":{"start":{"line":4,"column":14},"end":{"line":4,"column":33}},"4":{"start":{"line":5,"column":12},"end":{"line":5,"column":21}},"5":{"start":{"line":6,"column":13},"end":{"line":6,"column":17}},"6":{"start":{"line":8,"column":0},"end":{"line":8,"column":23}},"7":{"start":{"line":9,"column":0},"end":{"line":9,"column":44}},"8":{"start":{"line":11,"column":0},"end":{"line":14,"column":3}},"9":{"start":{"line":16,"column":0},"end":{"line":16,"column":14}},"10":{"start":{"line":17,"column":0},"end":{"line":17,"column":21}},"11":{"start":{"line":18,"column":0},"end":{"line":18,"column":20}}},"fnMap":{},"branchMap":{},"s":{"0":2,"1":2,"2":2,"3":2,"4":2,"5":2,"6":2,"7":2,"8":2,"9":2,"10":2,"11":2},"f":{},"b":{},"_coverageSchema":"1a1c01bbd47fc00a2c39e90264f33305004495a9","hash":"8447a982e3535747cf56ae6aadc7476622804d85"}
,"/home/amos/Documents/phase3/foodtonomous-server/controllers/orderController.js": {"path":"/home/amos/Documents/phase3/foodtonomous-server/controllers/orderController.js","statementMap":{"0":{"start":{"line":1,"column":14},"end":{"line":1,"column":40}},"1":{"start":{"line":5,"column":8},"end":{"line":11,"column":9}},"2":{"start":{"line":6,"column":26},"end":{"line":6,"column":45}},"3":{"start":{"line":7,"column":12},"end":{"line":7,"column":30}},"4":{"start":{"line":8,"column":12},"end":{"line":8,"column":39}},"5":{"start":{"line":10,"column":12},"end":{"line":10,"column":37}},"6":{"start":{"line":15,"column":8},"end":{"line":20,"column":9}},"7":{"start":{"line":16,"column":27},"end":{"line":16,"column":45}},"8":{"start":{"line":17,"column":12},"end":{"line":17,"column":40}},"9":{"start":{"line":19,"column":12},"end":{"line":19,"column":21}},"10":{"start":{"line":24,"column":8},"end":{"line":30,"column":9}},"11":{"start":{"line":25,"column":26},"end":{"line":25,"column":61}},"12":{"start":{"line":26,"column":12},"end":{"line":26,"column":80}},"13":{"start":{"line":26,"column":23},"end":{"line":26,"column":80}},"14":{"start":{"line":27,"column":12},"end":{"line":27,"column":63}},"15":{"start":{"line":29,"column":12},"end":{"line":29,"column":21}},"16":{"start":{"line":34,"column":8},"end":{"line":40,"column":9}},"17":{"start":{"line":35,"column":26},"end":{"line":35,"column":70}},"18":{"start":{"line":36,"column":12},"end":{"line":36,"column":80}},"19":{"start":{"line":36,"column":23},"end":{"line":36,"column":80}},"20":{"start":{"line":37,"column":12},"end":{"line":37,"column":63}},"21":{"start":{"line":39,"column":12},"end":{"line":39,"column":21}},"22":{"start":{"line":45,"column":0},"end":{"line":45,"column":32}}},"fnMap":{"0":{"name":"(anonymous_0)","decl":{"start":{"line":4,"column":4},"end":{"line":4,"column":5}},"loc":{"start":{"line":4,"column":36},"end":{"line":12,"column":5}},"line":4},"1":{"name":"(anonymous_1)","decl":{"start":{"line":14,"column":4},"end":{"line":14,"column":5}},"loc":{"start":{"line":14,"column":42},"end":{"line":21,"column":5}},"line":14},"2":{"name":"(anonymous_2)","decl":{"start":{"line":23,"column":4},"end":{"line":23,"column":5}},"loc":{"start":{"line":23,"column":46},"end":{"line":31,"column":5}},"line":23},"3":{"name":"(anonymous_3)","decl":{"start":{"line":33,"column":4},"end":{"line":33,"column":5}},"loc":{"start":{"line":33,"column":45},"end":{"line":41,"column":5}},"line":33}},"branchMap":{"0":{"loc":{"start":{"line":26,"column":12},"end":{"line":26,"column":80}},"type":"if","locations":[{"start":{"line":26,"column":12},"end":{"line":26,"column":80}},{"start":{"line":26,"column":12},"end":{"line":26,"column":80}}],"line":26},"1":{"loc":{"start":{"line":36,"column":12},"end":{"line":36,"column":80}},"type":"if","locations":[{"start":{"line":36,"column":12},"end":{"line":36,"column":80}},{"start":{"line":36,"column":12},"end":{"line":36,"column":80}}],"line":36}},"s":{"0":2,"1":3,"2":3,"3":3,"4":1,"5":2,"6":1,"7":1,"8":1,"9":0,"10":2,"11":2,"12":2,"13":1,"14":1,"15":1,"16":2,"17":2,"18":2,"19":1,"20":1,"21":1,"22":2},"f":{"0":3,"1":1,"2":2,"3":2},"b":{"0":[1,1],"1":[1,1]},"_coverageSchema":"1a1c01bbd47fc00a2c39e90264f33305004495a9","hash":"0827c7b5a6853ba4b71500ead12610ee7fd7def6"}
,"/home/amos/Documents/phase3/foodtonomous-server/controllers/userControllers.js": {"path":"/home/amos/Documents/phase3/foodtonomous-server/controllers/userControllers.js","statementMap":{"0":{"start":{"line":1,"column":19},"end":{"line":1,"column":39}},"1":{"start":{"line":2,"column":28},"end":{"line":2,"column":56}},"2":{"start":{"line":3,"column":22},"end":{"line":3,"column":47}},"3":{"start":{"line":4,"column":13},"end":{"line":4,"column":38}},"4":{"start":{"line":17,"column":8},"end":{"line":28,"column":9}},"5":{"start":{"line":18,"column":38},"end":{"line":18,"column":46}},"6":{"start":{"line":19,"column":12},"end":{"line":25,"column":13}},"7":{"start":{"line":20,"column":29},"end":{"line":20,"column":56}},"8":{"start":{"line":21,"column":16},"end":{"line":21,"column":33}},"9":{"start":{"line":22,"column":16},"end":{"line":22,"column":42}},"10":{"start":{"line":24,"column":16},"end":{"line":24,"column":78}},"11":{"start":{"line":27,"column":12},"end":{"line":27,"column":21}},"12":{"start":{"line":32,"column":8},"end":{"line":46,"column":9}},"13":{"start":{"line":33,"column":38},"end":{"line":33,"column":46}},"14":{"start":{"line":34,"column":25},"end":{"line":34,"column":52}},"15":{"start":{"line":35,"column":12},"end":{"line":35,"column":86}},"16":{"start":{"line":35,"column":22},"end":{"line":35,"column":86}},"17":{"start":{"line":36,"column":28},"end":{"line":36,"column":68}},"18":{"start":{"line":37,"column":12},"end":{"line":37,"column":89}},"19":{"start":{"line":37,"column":25},"end":{"line":37,"column":89}},"20":{"start":{"line":38,"column":26},"end":{"line":42,"column":14}},"21":{"start":{"line":43,"column":12},"end":{"line":43,"column":41}},"22":{"start":{"line":45,"column":12},"end":{"line":45,"column":21}},"23":{"start":{"line":50,"column":0},"end":{"line":50,"column":31}}},"fnMap":{"0":{"name":"(anonymous_0)","decl":{"start":{"line":16,"column":4},"end":{"line":16,"column":5}},"loc":{"start":{"line":16,"column":42},"end":{"line":29,"column":5}},"line":16},"1":{"name":"(anonymous_1)","decl":{"start":{"line":31,"column":4},"end":{"line":31,"column":5}},"loc":{"start":{"line":31,"column":40},"end":{"line":47,"column":5}},"line":31}},"branchMap":{"0":{"loc":{"start":{"line":19,"column":12},"end":{"line":25,"column":13}},"type":"if","locations":[{"start":{"line":19,"column":12},"end":{"line":25,"column":13}},{"start":{"line":19,"column":12},"end":{"line":25,"column":13}}],"line":19},"1":{"loc":{"start":{"line":35,"column":12},"end":{"line":35,"column":86}},"type":"if","locations":[{"start":{"line":35,"column":12},"end":{"line":35,"column":86}},{"start":{"line":35,"column":12},"end":{"line":35,"column":86}}],"line":35},"2":{"loc":{"start":{"line":37,"column":12},"end":{"line":37,"column":89}},"type":"if","locations":[{"start":{"line":37,"column":12},"end":{"line":37,"column":89}},{"start":{"line":37,"column":12},"end":{"line":37,"column":89}}],"line":37}},"s":{"0":2,"1":2,"2":2,"3":2,"4":0,"5":0,"6":0,"7":0,"8":0,"9":0,"10":0,"11":0,"12":2,"13":2,"14":2,"15":2,"16":1,"17":1,"18":1,"19":0,"20":1,"21":1,"22":1,"23":2},"f":{"0":0,"1":2},"b":{"0":[0,0],"1":[1,1],"2":[0,1]},"_coverageSchema":"1a1c01bbd47fc00a2c39e90264f33305004495a9","hash":"e9ad22f463385662a6bffb8e7876a36cdc0ef822"}
,"/home/amos/Documents/phase3/foodtonomous-server/helpers/bcrypt.js": {"path":"/home/amos/Documents/phase3/foodtonomous-server/helpers/bcrypt.js","statementMap":{"0":{"start":{"line":1,"column":15},"end":{"line":1,"column":34}},"1":{"start":{"line":3,"column":21},"end":{"line":6,"column":1}},"2":{"start":{"line":4,"column":17},"end":{"line":4,"column":39}},"3":{"start":{"line":5,"column":4},"end":{"line":5,"column":43}},"4":{"start":{"line":8,"column":24},"end":{"line":10,"column":1}},"5":{"start":{"line":9,"column":4},"end":{"line":9,"column":54}},"6":{"start":{"line":12,"column":0},"end":{"line":12,"column":47}}},"fnMap":{"0":{"name":"(anonymous_0)","decl":{"start":{"line":3,"column":21},"end":{"line":3,"column":22}},"loc":{"start":{"line":3,"column":35},"end":{"line":6,"column":1}},"line":3},"1":{"name":"(anonymous_1)","decl":{"start":{"line":8,"column":24},"end":{"line":8,"column":25}},"loc":{"start":{"line":8,"column":52},"end":{"line":10,"column":1}},"line":8}},"branchMap":{},"s":{"0":2,"1":2,"2":0,"3":0,"4":2,"5":1,"6":2},"f":{"0":0,"1":1},"b":{},"_coverageSchema":"1a1c01bbd47fc00a2c39e90264f33305004495a9","hash":"5df15e138feef0ed32069cf066b1aedc9bbc6a0c"}
,"/home/amos/Documents/phase3/foodtonomous-server/helpers/jwt.js": {"path":"/home/amos/Documents/phase3/foodtonomous-server/helpers/jwt.js","statementMap":{"0":{"start":{"line":1,"column":12},"end":{"line":1,"column":35}},"1":{"start":{"line":2,"column":0},"end":{"line":4,"column":1}},"2":{"start":{"line":3,"column":4},"end":{"line":3,"column":36}}},"fnMap":{"0":{"name":"(anonymous_0)","decl":{"start":{"line":2,"column":17},"end":{"line":2,"column":18}},"loc":{"start":{"line":2,"column":30},"end":{"line":4,"column":1}},"line":2}},"branchMap":{},"s":{"0":2,"1":2,"2":1},"f":{"0":1},"b":{},"_coverageSchema":"1a1c01bbd47fc00a2c39e90264f33305004495a9","hash":"8c1c137b74695b9a3d225ef574bf588680858359"}
,"/home/amos/Documents/phase3/foodtonomous-server/midlewares/errorHandler.js": {"path":"/home/amos/Documents/phase3/foodtonomous-server/midlewares/errorHandler.js","statementMap":{"0":{"start":{"line":1,"column":0},"end":{"line":11,"column":1}},"1":{"start":{"line":2,"column":4},"end":{"line":2,"column":21}},"2":{"start":{"line":3,"column":4},"end":{"line":10,"column":5}},"3":{"start":{"line":4,"column":8},"end":{"line":4,"column":59}},"4":{"start":{"line":5,"column":10},"end":{"line":10,"column":5}},"5":{"start":{"line":6,"column":8},"end":{"line":6,"column":50}},"6":{"start":{"line":9,"column":8},"end":{"line":9,"column":59}}},"fnMap":{"0":{"name":"(anonymous_0)","decl":{"start":{"line":1,"column":17},"end":{"line":1,"column":18}},"loc":{"start":{"line":1,"column":42},"end":{"line":11,"column":1}},"line":1}},"branchMap":{"0":{"loc":{"start":{"line":3,"column":4},"end":{"line":10,"column":5}},"type":"if","locations":[{"start":{"line":3,"column":4},"end":{"line":10,"column":5}},{"start":{"line":3,"column":4},"end":{"line":10,"column":5}}],"line":3},"1":{"loc":{"start":{"line":5,"column":10},"end":{"line":10,"column":5}},"type":"if","locations":[{"start":{"line":5,"column":10},"end":{"line":10,"column":5}},{"start":{"line":5,"column":10},"end":{"line":10,"column":5}}],"line":5}},"s":{"0":2,"1":3,"2":3,"3":0,"4":3,"5":3,"6":0},"f":{"0":3},"b":{"0":[0,3],"1":[3,0]},"_coverageSchema":"1a1c01bbd47fc00a2c39e90264f33305004495a9","hash":"680c93729e29c569c2fff449ad9c8ccf3e60ba41"}
,"/home/amos/Documents/phase3/foodtonomous-server/models/order.js": {"path":"/home/amos/Documents/phase3/foodtonomous-server/models/order.js","statementMap":{"0":{"start":{"line":1,"column":17},"end":{"line":1,"column":36}},"1":{"start":{"line":3,"column":20},"end":{"line":18,"column":2}},"2":{"start":{"line":20,"column":14},"end":{"line":20,"column":51}},"3":{"start":{"line":21,"column":0},"end":{"line":21,"column":22}}},"fnMap":{},"branchMap":{},"s":{"0":2,"1":2,"2":2,"3":2},"f":{},"b":{},"_coverageSchema":"1a1c01bbd47fc00a2c39e90264f33305004495a9","hash":"a831ed7f16b4c471950a6a98fbec71342f128659"}
,"/home/amos/Documents/phase3/foodtonomous-server/models/user.js": {"path":"/home/amos/Documents/phase3/foodtonomous-server/models/user.js","statementMap":{"0":{"start":{"line":1,"column":17},"end":{"line":1,"column":36}},"1":{"start":{"line":2,"column":23},"end":{"line":2,"column":51}},"2":{"start":{"line":3,"column":19},"end":{"line":18,"column":2}},"3":{"start":{"line":20,"column":0},"end":{"line":23,"column":2}},"4":{"start":{"line":21,"column":17},"end":{"line":21,"column":21}},"5":{"start":{"line":22,"column":4},"end":{"line":22,"column":47}},"6":{"start":{"line":25,"column":13},"end":{"line":25,"column":48}},"7":{"start":{"line":26,"column":0},"end":{"line":26,"column":21}}},"fnMap":{"0":{"name":"(anonymous_0)","decl":{"start":{"line":20,"column":22},"end":{"line":20,"column":23}},"loc":{"start":{"line":20,"column":33},"end":{"line":23,"column":1}},"line":20}},"branchMap":{},"s":{"0":2,"1":2,"2":2,"3":2,"4":0,"5":0,"6":2,"7":2},"f":{"0":0},"b":{},"_coverageSchema":"1a1c01bbd47fc00a2c39e90264f33305004495a9","hash":"c105559f1064ce6548b0dc4b75e35d8f3ec65c32"}
,"/home/amos/Documents/phase3/foodtonomous-server/routes/index.js": {"path":"/home/amos/Documents/phase3/foodtonomous-server/routes/index.js","statementMap":{"0":{"start":{"line":1,"column":14},"end":{"line":1,"column":41}},"1":{"start":{"line":2,"column":13},"end":{"line":2,"column":35}},"2":{"start":{"line":3,"column":14},"end":{"line":3,"column":37}},"3":{"start":{"line":4,"column":0},"end":{"line":4,"column":24}},"4":{"start":{"line":5,"column":0},"end":{"line":5,"column":25}},"5":{"start":{"line":6,"column":0},"end":{"line":6,"column":22}}},"fnMap":{},"branchMap":{},"s":{"0":2,"1":2,"2":2,"3":2,"4":2,"5":2},"f":{},"b":{},"_coverageSchema":"1a1c01bbd47fc00a2c39e90264f33305004495a9","hash":"ce563db89dbd4f363c48998bfb9572a65dcfa6b1"}
,"/home/amos/Documents/phase3/foodtonomous-server/routes/orderRoute.js": {"path":"/home/amos/Documents/phase3/foodtonomous-server/routes/orderRoute.js","statementMap":{"0":{"start":{"line":1,"column":24},"end":{"line":1,"column":65}},"1":{"start":{"line":3,"column":14},"end":{"line":3,"column":41}},"2":{"start":{"line":5,"column":0},"end":{"line":5,"column":41}},"3":{"start":{"line":6,"column":0},"end":{"line":6,"column":40}},"4":{"start":{"line":7,"column":0},"end":{"line":7,"column":49}},"5":{"start":{"line":8,"column":0},"end":{"line":8,"column":49}},"6":{"start":{"line":11,"column":0},"end":{"line":11,"column":22}}},"fnMap":{},"branchMap":{},"s":{"0":2,"1":2,"2":2,"3":2,"4":2,"5":2,"6":2},"f":{},"b":{},"_coverageSchema":"1a1c01bbd47fc00a2c39e90264f33305004495a9","hash":"5c8f25079abea5d932a9ef2d3d29d4a18fec6a0a"}
,"/home/amos/Documents/phase3/foodtonomous-server/routes/userRoute.js": {"path":"/home/amos/Documents/phase3/foodtonomous-server/routes/userRoute.js","statementMap":{"0":{"start":{"line":1,"column":23},"end":{"line":1,"column":64}},"1":{"start":{"line":3,"column":14},"end":{"line":3,"column":41}},"2":{"start":{"line":6,"column":0},"end":{"line":6,"column":48}},"3":{"start":{"line":7,"column":0},"end":{"line":7,"column":42}},"4":{"start":{"line":9,"column":0},"end":{"line":9,"column":22}}},"fnMap":{},"branchMap":{},"s":{"0":2,"1":2,"2":2,"3":2,"4":2},"f":{},"b":{},"_coverageSchema":"1a1c01bbd47fc00a2c39e90264f33305004495a9","hash":"e5fe57348bc4b6349bb74d8ab939e353cd846b03"}
}
