{"/home/amos/Documents/phase3/foodtonomous-server/app.js": {"path":"/home/amos/Documents/phase3/foodtonomous-server/app.js","statementMap":{"0":{"start":{"line":1,"column":16},"end":{"line":1,"column":34}},"1":{"start":{"line":2,"column":21},"end":{"line":2,"column":57}},"2":{"start":{"line":3,"column":14},"end":{"line":3,"column":33}},"3":{"start":{"line":4,"column":13},"end":{"line":4,"column":28}},"4":{"start":{"line":5,"column":12},"end":{"line":5,"column":21}},"5":{"start":{"line":6,"column":13},"end":{"line":6,"column":17}},"6":{"start":{"line":9,"column":0},"end":{"line":9,"column":48}},"7":{"start":{"line":10,"column":0},"end":{"line":10,"column":23}},"8":{"start":{"line":11,"column":0},"end":{"line":11,"column":44}},"9":{"start":{"line":14,"column":0},"end":{"line":14,"column":14}},"10":{"start":{"line":15,"column":0},"end":{"line":15,"column":21}},"11":{"start":{"line":16,"column":0},"end":{"line":16,"column":20}}},"fnMap":{},"branchMap":{},"s":{"0":7,"1":7,"2":7,"3":7,"4":7,"5":7,"6":7,"7":7,"8":7,"9":7,"10":7,"11":7},"f":{},"b":{},"_coverageSchema":"1a1c01bbd47fc00a2c39e90264f33305004495a9","hash":"dde7c4c3ed9b4bd6a58f6dc9a00cdd4356f86d12"}
,"/home/amos/Documents/phase3/foodtonomous-server/bin/http.js": {"path":"/home/amos/Documents/phase3/foodtonomous-server/bin/http.js","statementMap":{"0":{"start":{"line":1,"column":12},"end":{"line":1,"column":29}},"1":{"start":{"line":2,"column":13},"end":{"line":2,"column":17}},"2":{"start":{"line":3,"column":13},"end":{"line":3,"column":46}},"3":{"start":{"line":4,"column":11},"end":{"line":4,"column":37}},"4":{"start":{"line":6,"column":24},"end":{"line":6,"column":65}},"5":{"start":{"line":7,"column":25},"end":{"line":7,"column":67}},"6":{"start":{"line":13,"column":0},"end":{"line":64,"column":3}},"7":{"start":{"line":14,"column":2},"end":{"line":14,"column":49}},"8":{"start":{"line":50,"column":2},"end":{"line":52,"column":4}},"9":{"start":{"line":51,"column":4},"end":{"line":51,"column":46}},"10":{"start":{"line":53,"column":2},"end":{"line":59,"column":4}},"11":{"start":{"line":54,"column":4},"end":{"line":54,"column":48}},"12":{"start":{"line":55,"column":25},"end":{"line":55,"column":88}},"13":{"start":{"line":58,"column":4},"end":{"line":58,"column":57}},"14":{"start":{"line":65,"column":0},"end":{"line":65,"column":88}},"15":{"start":{"line":65,"column":42},"end":{"line":65,"column":87}}},"fnMap":{"0":{"name":"(anonymous_0)","decl":{"start":{"line":13,"column":20},"end":{"line":13,"column":21}},"loc":{"start":{"line":13,"column":30},"end":{"line":64,"column":1}},"line":13},"1":{"name":"(anonymous_1)","decl":{"start":{"line":50,"column":28},"end":{"line":50,"column":29}},"loc":{"start":{"line":50,"column":43},"end":{"line":52,"column":3}},"line":50},"2":{"name":"(anonymous_2)","decl":{"start":{"line":53,"column":34},"end":{"line":53,"column":35}},"loc":{"start":{"line":53,"column":60},"end":{"line":59,"column":3}},"line":53},"3":{"name":"(anonymous_3)","decl":{"start":{"line":65,"column":36},"end":{"line":65,"column":37}},"loc":{"start":{"line":65,"column":42},"end":{"line":65,"column":87}},"line":65}},"branchMap":{},"s":{"0":1,"1":1,"2":1,"3":1,"4":1,"5":1,"6":1,"7":2,"8":2,"9":1,"10":2,"11":0,"12":0,"13":0,"14":1,"15":1},"f":{"0":2,"1":1,"2":0,"3":1},"b":{},"_coverageSchema":"1a1c01bbd47fc00a2c39e90264f33305004495a9","hash":"e484a54aed6ab844a49208400292e486dd1b93d7"}
,"/home/amos/Documents/phase3/foodtonomous-server/controllers/automationScheduleController.js": {"path":"/home/amos/Documents/phase3/foodtonomous-server/controllers/automationScheduleController.js","statementMap":{"0":{"start":{"line":1,"column":48},"end":{"line":1,"column":68}},"1":{"start":{"line":3,"column":0},"end":{"line":82,"column":1}},"2":{"start":{"line":5,"column":8},"end":{"line":28,"column":9}},"3":{"start":{"line":6,"column":27},"end":{"line":6,"column":38}},"4":{"start":{"line":7,"column":30},"end":{"line":7,"column":110}},"5":{"start":{"line":8,"column":36},"end":{"line":24,"column":14}},"6":{"start":{"line":9,"column":16},"end":{"line":23,"column":17}},"7":{"start":{"line":25,"column":12},"end":{"line":25,"column":72}},"8":{"start":{"line":27,"column":12},"end":{"line":27,"column":21}},"9":{"start":{"line":32,"column":8},"end":{"line":51,"column":9}},"10":{"start":{"line":33,"column":31},"end":{"line":33,"column":52}},"11":{"start":{"line":34,"column":72},"end":{"line":34,"column":160}},"12":{"start":{"line":35,"column":12},"end":{"line":48,"column":14}},"13":{"start":{"line":50,"column":12},"end":{"line":50,"column":21}},"14":{"start":{"line":54,"column":8},"end":{"line":61,"column":9}},"15":{"start":{"line":55,"column":60},"end":{"line":55,"column":68}},"16":{"start":{"line":56,"column":27},"end":{"line":56,"column":38}},"17":{"start":{"line":57,"column":32},"end":{"line":57,"column":130}},"18":{"start":{"line":58,"column":12},"end":{"line":58,"column":57}},"19":{"start":{"line":60,"column":12},"end":{"line":60,"column":21}},"20":{"start":{"line":64,"column":8},"end":{"line":71,"column":9}},"21":{"start":{"line":65,"column":31},"end":{"line":65,"column":52}},"22":{"start":{"line":66,"column":29},"end":{"line":66,"column":56}},"23":{"start":{"line":67,"column":36},"end":{"line":67,"column":105}},"24":{"start":{"line":68,"column":12},"end":{"line":68,"column":61}},"25":{"start":{"line":70,"column":12},"end":{"line":70,"column":21}},"26":{"start":{"line":74,"column":8},"end":{"line":80,"column":9}},"27":{"start":{"line":75,"column":31},"end":{"line":75,"column":52}},"28":{"start":{"line":76,"column":12},"end":{"line":76,"column":70}},"29":{"start":{"line":77,"column":12},"end":{"line":77,"column":74}},"30":{"start":{"line":79,"column":12},"end":{"line":79,"column":21}}},"fnMap":{"0":{"name":"(anonymous_0)","decl":{"start":{"line":4,"column":4},"end":{"line":4,"column":5}},"loc":{"start":{"line":4,"column":49},"end":{"line":29,"column":5}},"line":4},"1":{"name":"(anonymous_1)","decl":{"start":{"line":8,"column":50},"end":{"line":8,"column":51}},"loc":{"start":{"line":8,"column":107},"end":{"line":24,"column":13}},"line":8},"2":{"name":"(anonymous_2)","decl":{"start":{"line":31,"column":4},"end":{"line":31,"column":5}},"loc":{"start":{"line":31,"column":48},"end":{"line":52,"column":5}},"line":31},"3":{"name":"(anonymous_3)","decl":{"start":{"line":53,"column":4},"end":{"line":53,"column":5}},"loc":{"start":{"line":53,"column":45},"end":{"line":62,"column":5}},"line":53},"4":{"name":"(anonymous_4)","decl":{"start":{"line":63,"column":4},"end":{"line":63,"column":5}},"loc":{"start":{"line":63,"column":46},"end":{"line":72,"column":5}},"line":63},"5":{"name":"(anonymous_5)","decl":{"start":{"line":73,"column":4},"end":{"line":73,"column":5}},"loc":{"start":{"line":73,"column":48},"end":{"line":81,"column":5}},"line":73}},"branchMap":{"0":{"loc":{"start":{"line":66,"column":29},"end":{"line":66,"column":56}},"type":"binary-expr","locations":[{"start":{"line":66,"column":29},"end":{"line":66,"column":46}},{"start":{"line":66,"column":50},"end":{"line":66,"column":56}}],"line":66}},"s":{"0":7,"1":7,"2":1,"3":1,"4":1,"5":1,"6":1,"7":1,"8":0,"9":1,"10":1,"11":1,"12":1,"13":0,"14":1,"15":1,"16":1,"17":1,"18":1,"19":0,"20":1,"21":1,"22":1,"23":1,"24":1,"25":0,"26":1,"27":1,"28":1,"29":1,"30":0},"f":{"0":1,"1":1,"2":1,"3":1,"4":1,"5":1},"b":{"0":[1,0]},"_coverageSchema":"1a1c01bbd47fc00a2c39e90264f33305004495a9","hash":"1bd91ee9751c596afab27c06637ba916a4b77cdb"}
,"/home/amos/Documents/phase3/foodtonomous-server/controllers/driverController.js": {"path":"/home/amos/Documents/phase3/foodtonomous-server/controllers/driverController.js","statementMap":{"0":{"start":{"line":1,"column":19},"end":{"line":1,"column":39}},"1":{"start":{"line":2,"column":26},"end":{"line":2,"column":54}},"2":{"start":{"line":3,"column":24},"end":{"line":3,"column":49}},"3":{"start":{"line":6,"column":8},"end":{"line":27,"column":9}},"4":{"start":{"line":7,"column":50},"end":{"line":7,"column":58}},"5":{"start":{"line":9,"column":12},"end":{"line":9,"column":34}},"6":{"start":{"line":10,"column":27},"end":{"line":10,"column":69}},"7":{"start":{"line":11,"column":12},"end":{"line":11,"column":32}},"8":{"start":{"line":12,"column":12},"end":{"line":12,"column":99}},"9":{"start":{"line":12,"column":25},"end":{"line":12,"column":99}},"10":{"start":{"line":13,"column":28},"end":{"line":13,"column":76}},"11":{"start":{"line":14,"column":12},"end":{"line":14,"column":33}},"12":{"start":{"line":15,"column":12},"end":{"line":15,"column":100}},"13":{"start":{"line":15,"column":26},"end":{"line":15,"column":100}},"14":{"start":{"line":17,"column":42},"end":{"line":17,"column":116}},"15":{"start":{"line":18,"column":33},"end":{"line":23,"column":14}},"16":{"start":{"line":24,"column":12},"end":{"line":24,"column":50}},"17":{"start":{"line":26,"column":12},"end":{"line":26,"column":21}},"18":{"start":{"line":31,"column":0},"end":{"line":31,"column":33}}},"fnMap":{"0":{"name":"(anonymous_0)","decl":{"start":{"line":5,"column":4},"end":{"line":5,"column":5}},"loc":{"start":{"line":5,"column":39},"end":{"line":28,"column":5}},"line":5}},"branchMap":{"0":{"loc":{"start":{"line":12,"column":12},"end":{"line":12,"column":99}},"type":"if","locations":[{"start":{"line":12,"column":12},"end":{"line":12,"column":99}},{"start":{"line":12,"column":12},"end":{"line":12,"column":99}}],"line":12},"1":{"loc":{"start":{"line":15,"column":12},"end":{"line":15,"column":100}},"type":"if","locations":[{"start":{"line":15,"column":12},"end":{"line":15,"column":100}},{"start":{"line":15,"column":12},"end":{"line":15,"column":100}}],"line":15}},"s":{"0":7,"1":7,"2":7,"3":1,"4":1,"5":1,"6":1,"7":1,"8":1,"9":0,"10":1,"11":1,"12":1,"13":0,"14":1,"15":1,"16":1,"17":0,"18":7},"f":{"0":1},"b":{"0":[0,1],"1":[0,1]},"_coverageSchema":"1a1c01bbd47fc00a2c39e90264f33305004495a9","hash":"a79605f35d56973ae240eab981b3dbb0eb569e0e"}
,"/home/amos/Documents/phase3/foodtonomous-server/controllers/favoriteFoodController.js": {"path":"/home/amos/Documents/phase3/foodtonomous-server/controllers/favoriteFoodController.js","statementMap":{"0":{"start":{"line":1,"column":48},"end":{"line":1,"column":68}},"1":{"start":{"line":4,"column":0},"end":{"line":77,"column":1}},"2":{"start":{"line":6,"column":8},"end":{"line":28,"column":9}},"3":{"start":{"line":7,"column":27},"end":{"line":7,"column":38}},"4":{"start":{"line":8,"column":34},"end":{"line":8,"column":108}},"5":{"start":{"line":9,"column":12},"end":{"line":25,"column":15}},"6":{"start":{"line":10,"column":16},"end":{"line":24,"column":17}},"7":{"start":{"line":27,"column":12},"end":{"line":27,"column":21}},"8":{"start":{"line":31,"column":8},"end":{"line":56,"column":9}},"9":{"start":{"line":32,"column":23},"end":{"line":32,"column":44}},"10":{"start":{"line":33,"column":61},"end":{"line":33,"column":137}},"11":{"start":{"line":34,"column":12},"end":{"line":53,"column":14}},"12":{"start":{"line":55,"column":12},"end":{"line":55,"column":21}},"13":{"start":{"line":59,"column":8},"end":{"line":66,"column":9}},"14":{"start":{"line":60,"column":43},"end":{"line":60,"column":51}},"15":{"start":{"line":61,"column":27},"end":{"line":61,"column":38}},"16":{"start":{"line":62,"column":36},"end":{"line":62,"column":93}},"17":{"start":{"line":63,"column":12},"end":{"line":63,"column":65}},"18":{"start":{"line":65,"column":12},"end":{"line":65,"column":21}},"19":{"start":{"line":69,"column":8},"end":{"line":75,"column":9}},"20":{"start":{"line":70,"column":35},"end":{"line":70,"column":56}},"21":{"start":{"line":71,"column":12},"end":{"line":71,"column":67}},"22":{"start":{"line":72,"column":12},"end":{"line":72,"column":67}},"23":{"start":{"line":74,"column":12},"end":{"line":74,"column":21}}},"fnMap":{"0":{"name":"(anonymous_0)","decl":{"start":{"line":5,"column":4},"end":{"line":5,"column":5}},"loc":{"start":{"line":5,"column":53},"end":{"line":29,"column":5}},"line":5},"1":{"name":"(anonymous_1)","decl":{"start":{"line":9,"column":51},"end":{"line":9,"column":52}},"loc":{"start":{"line":9,"column":92},"end":{"line":25,"column":13}},"line":9},"2":{"name":"(anonymous_2)","decl":{"start":{"line":30,"column":4},"end":{"line":30,"column":5}},"loc":{"start":{"line":30,"column":52},"end":{"line":57,"column":5}},"line":30},"3":{"name":"(anonymous_3)","decl":{"start":{"line":58,"column":4},"end":{"line":58,"column":5}},"loc":{"start":{"line":58,"column":49},"end":{"line":67,"column":5}},"line":58},"4":{"name":"(anonymous_4)","decl":{"start":{"line":68,"column":4},"end":{"line":68,"column":5}},"loc":{"start":{"line":68,"column":52},"end":{"line":76,"column":5}},"line":68}},"branchMap":{},"s":{"0":7,"1":7,"2":1,"3":1,"4":1,"5":1,"6":1,"7":0,"8":1,"9":1,"10":1,"11":1,"12":0,"13":1,"14":1,"15":1,"16":1,"17":1,"18":0,"19":1,"20":1,"21":1,"22":1,"23":0},"f":{"0":1,"1":1,"2":1,"3":1,"4":1},"b":{},"_coverageSchema":"1a1c01bbd47fc00a2c39e90264f33305004495a9","hash":"26db195497790eedb5014cadf74c05aeaf226864"}
,"/home/amos/Documents/phase3/foodtonomous-server/controllers/foodController.js": {"path":"/home/amos/Documents/phase3/foodtonomous-server/controllers/foodController.js","statementMap":{"0":{"start":{"line":1,"column":28},"end":{"line":1,"column":48}},"1":{"start":{"line":4,"column":0},"end":{"line":41,"column":1}},"2":{"start":{"line":6,"column":8},"end":{"line":22,"column":9}},"3":{"start":{"line":7,"column":26},"end":{"line":7,"column":68}},"4":{"start":{"line":8,"column":33},"end":{"line":18,"column":14}},"5":{"start":{"line":9,"column":16},"end":{"line":17,"column":17}},"6":{"start":{"line":19,"column":12},"end":{"line":19,"column":46}},"7":{"start":{"line":21,"column":12},"end":{"line":21,"column":21}},"8":{"start":{"line":25,"column":8},"end":{"line":39,"column":9}},"9":{"start":{"line":26,"column":27},"end":{"line":26,"column":48}},"10":{"start":{"line":27,"column":57},"end":{"line":27,"column":118}},"11":{"start":{"line":28,"column":12},"end":{"line":36,"column":14}},"12":{"start":{"line":38,"column":12},"end":{"line":38,"column":21}}},"fnMap":{"0":{"name":"(anonymous_0)","decl":{"start":{"line":5,"column":4},"end":{"line":5,"column":5}},"loc":{"start":{"line":5,"column":45},"end":{"line":23,"column":5}},"line":5},"1":{"name":"(anonymous_1)","decl":{"start":{"line":8,"column":43},"end":{"line":8,"column":44}},"loc":{"start":{"line":8,"column":87},"end":{"line":18,"column":13}},"line":8},"2":{"name":"(anonymous_2)","decl":{"start":{"line":24,"column":4},"end":{"line":24,"column":5}},"loc":{"start":{"line":24,"column":44},"end":{"line":40,"column":5}},"line":24}},"branchMap":{},"s":{"0":7,"1":7,"2":1,"3":1,"4":1,"5":4,"6":1,"7":0,"8":1,"9":1,"10":1,"11":1,"12":0},"f":{"0":1,"1":4,"2":1},"b":{},"_coverageSchema":"1a1c01bbd47fc00a2c39e90264f33305004495a9","hash":"485b0c538de9b0538936ce93e9426e40e6dc3d1d"}
,"/home/amos/Documents/phase3/foodtonomous-server/controllers/orderController.js": {"path":"/home/amos/Documents/phase3/foodtonomous-server/controllers/orderController.js","statementMap":{"0":{"start":{"line":1,"column":49},"end":{"line":1,"column":69}},"1":{"start":{"line":32,"column":8},"end":{"line":68,"column":9}},"2":{"start":{"line":33,"column":23},"end":{"line":33,"column":44}},"3":{"start":{"line":34,"column":118},"end":{"line":34,"column":196}},"4":{"start":{"line":35,"column":12},"end":{"line":65,"column":14}},"5":{"start":{"line":67,"column":12},"end":{"line":67,"column":21}},"6":{"start":{"line":80,"column":8},"end":{"line":89,"column":9}},"7":{"start":{"line":81,"column":28},"end":{"line":81,"column":42}},"8":{"start":{"line":82,"column":42},"end":{"line":82,"column":50}},"9":{"start":{"line":83,"column":29},"end":{"line":83,"column":66}},"10":{"start":{"line":84,"column":31},"end":{"line":84,"column":60}},"11":{"start":{"line":85,"column":12},"end":{"line":85,"column":68}},"12":{"start":{"line":86,"column":12},"end":{"line":86,"column":63}},"13":{"start":{"line":88,"column":12},"end":{"line":88,"column":21}},"14":{"start":{"line":93,"column":8},"end":{"line":100,"column":9}},"15":{"start":{"line":94,"column":28},"end":{"line":94,"column":42}},"16":{"start":{"line":95,"column":26},"end":{"line":95,"column":68}},"17":{"start":{"line":96,"column":12},"end":{"line":96,"column":88}},"18":{"start":{"line":96,"column":23},"end":{"line":96,"column":88}},"19":{"start":{"line":97,"column":12},"end":{"line":97,"column":67}},"20":{"start":{"line":99,"column":12},"end":{"line":99,"column":21}},"21":{"start":{"line":104,"column":8},"end":{"line":112,"column":9}},"22":{"start":{"line":105,"column":23},"end":{"line":105,"column":34}},"23":{"start":{"line":106,"column":28},"end":{"line":106,"column":128}},"24":{"start":{"line":107,"column":12},"end":{"line":107,"column":92}},"25":{"start":{"line":107,"column":25},"end":{"line":107,"column":92}},"26":{"start":{"line":108,"column":12},"end":{"line":108,"column":41}},"27":{"start":{"line":110,"column":12},"end":{"line":110,"column":29}},"28":{"start":{"line":111,"column":12},"end":{"line":111,"column":21}},"29":{"start":{"line":117,"column":0},"end":{"line":117,"column":32}}},"fnMap":{"0":{"name":"(anonymous_0)","decl":{"start":{"line":31,"column":4},"end":{"line":31,"column":5}},"loc":{"start":{"line":31,"column":42},"end":{"line":69,"column":5}},"line":31},"1":{"name":"(anonymous_1)","decl":{"start":{"line":79,"column":4},"end":{"line":79,"column":5}},"loc":{"start":{"line":79,"column":47},"end":{"line":90,"column":5}},"line":79},"2":{"name":"(anonymous_2)","decl":{"start":{"line":92,"column":4},"end":{"line":92,"column":5}},"loc":{"start":{"line":92,"column":45},"end":{"line":101,"column":5}},"line":92},"3":{"name":"(anonymous_3)","decl":{"start":{"line":103,"column":4},"end":{"line":103,"column":5}},"loc":{"start":{"line":103,"column":51},"end":{"line":113,"column":5}},"line":103}},"branchMap":{"0":{"loc":{"start":{"line":96,"column":12},"end":{"line":96,"column":88}},"type":"if","locations":[{"start":{"line":96,"column":12},"end":{"line":96,"column":88}},{"start":{"line":96,"column":12},"end":{"line":96,"column":88}}],"line":96},"1":{"loc":{"start":{"line":107,"column":12},"end":{"line":107,"column":92}},"type":"if","locations":[{"start":{"line":107,"column":12},"end":{"line":107,"column":92}},{"start":{"line":107,"column":12},"end":{"line":107,"column":92}}],"line":107}},"s":{"0":7,"1":2,"2":2,"3":2,"4":1,"5":1,"6":1,"7":1,"8":1,"9":1,"10":1,"11":1,"12":1,"13":0,"14":2,"15":2,"16":2,"17":2,"18":1,"19":1,"20":1,"21":1,"22":1,"23":1,"24":1,"25":0,"26":1,"27":0,"28":0,"29":7},"f":{"0":2,"1":1,"2":2,"3":1},"b":{"0":[1,1],"1":[0,1]},"_coverageSchema":"1a1c01bbd47fc00a2c39e90264f33305004495a9","hash":"00e1513a4ed2622dcede9b331e97e56bcf5726b5"}
,"/home/amos/Documents/phase3/foodtonomous-server/controllers/restaurantController.js": {"path":"/home/amos/Documents/phase3/foodtonomous-server/controllers/restaurantController.js","statementMap":{"0":{"start":{"line":1,"column":28},"end":{"line":1,"column":48}},"1":{"start":{"line":6,"column":8},"end":{"line":24,"column":9}},"2":{"start":{"line":7,"column":32},"end":{"line":7,"column":73}},"3":{"start":{"line":8,"column":12},"end":{"line":21,"column":15}},"4":{"start":{"line":9,"column":16},"end":{"line":20,"column":17}},"5":{"start":{"line":13,"column":24},"end":{"line":18,"column":25}},"6":{"start":{"line":23,"column":12},"end":{"line":23,"column":21}},"7":{"start":{"line":27,"column":8},"end":{"line":44,"column":9}},"8":{"start":{"line":28,"column":33},"end":{"line":28,"column":54}},"9":{"start":{"line":29,"column":64},"end":{"line":29,"column":131}},"10":{"start":{"line":30,"column":12},"end":{"line":41,"column":14}},"11":{"start":{"line":34,"column":20},"end":{"line":39,"column":21}},"12":{"start":{"line":43,"column":12},"end":{"line":43,"column":21}},"13":{"start":{"line":48,"column":0},"end":{"line":48,"column":37}}},"fnMap":{"0":{"name":"(anonymous_0)","decl":{"start":{"line":5,"column":4},"end":{"line":5,"column":5}},"loc":{"start":{"line":5,"column":50},"end":{"line":25,"column":5}},"line":5},"1":{"name":"(anonymous_1)","decl":{"start":{"line":8,"column":49},"end":{"line":8,"column":50}},"loc":{"start":{"line":8,"column":91},"end":{"line":21,"column":13}},"line":8},"2":{"name":"(anonymous_2)","decl":{"start":{"line":12,"column":37},"end":{"line":12,"column":38}},"loc":{"start":{"line":12,"column":45},"end":{"line":19,"column":21}},"line":12},"3":{"name":"(anonymous_3)","decl":{"start":{"line":26,"column":4},"end":{"line":26,"column":5}},"loc":{"start":{"line":26,"column":50},"end":{"line":45,"column":5}},"line":26},"4":{"name":"(anonymous_4)","decl":{"start":{"line":33,"column":33},"end":{"line":33,"column":34}},"loc":{"start":{"line":33,"column":41},"end":{"line":40,"column":17}},"line":33}},"branchMap":{},"s":{"0":7,"1":1,"2":1,"3":1,"4":2,"5":4,"6":0,"7":1,"8":1,"9":1,"10":1,"11":2,"12":0,"13":7},"f":{"0":1,"1":2,"2":4,"3":1,"4":2},"b":{},"_coverageSchema":"1a1c01bbd47fc00a2c39e90264f33305004495a9","hash":"9eea4d6088583460fc3e23b339a42d5ceaf80277"}
,"/home/amos/Documents/phase3/foodtonomous-server/controllers/userControllers.js": {"path":"/home/amos/Documents/phase3/foodtonomous-server/controllers/userControllers.js","statementMap":{"0":{"start":{"line":1,"column":25},"end":{"line":1,"column":45}},"1":{"start":{"line":2,"column":28},"end":{"line":2,"column":56}},"2":{"start":{"line":3,"column":37},"end":{"line":3,"column":62}},"3":{"start":{"line":6,"column":8},"end":{"line":27,"column":9}},"4":{"start":{"line":7,"column":12},"end":{"line":7,"column":34}},"5":{"start":{"line":8,"column":12},"end":{"line":24,"column":13}},"6":{"start":{"line":9,"column":31},"end":{"line":9,"column":58}},"7":{"start":{"line":10,"column":16},"end":{"line":15,"column":18}},"8":{"start":{"line":16,"column":19},"end":{"line":24,"column":13}},"9":{"start":{"line":17,"column":31},"end":{"line":17,"column":60}},"10":{"start":{"line":18,"column":16},"end":{"line":23,"column":18}},"11":{"start":{"line":26,"column":12},"end":{"line":26,"column":21}},"12":{"start":{"line":31,"column":8},"end":{"line":43,"column":9}},"13":{"start":{"line":32,"column":25},"end":{"line":32,"column":62}},"14":{"start":{"line":33,"column":69},"end":{"line":35,"column":48}},"15":{"start":{"line":36,"column":12},"end":{"line":40,"column":14}},"16":{"start":{"line":42,"column":12},"end":{"line":42,"column":21}},"17":{"start":{"line":47,"column":8},"end":{"line":64,"column":9}},"18":{"start":{"line":48,"column":50},"end":{"line":48,"column":58}},"19":{"start":{"line":49,"column":12},"end":{"line":49,"column":33}},"20":{"start":{"line":50,"column":25},"end":{"line":50,"column":65}},"21":{"start":{"line":51,"column":12},"end":{"line":51,"column":97}},"22":{"start":{"line":51,"column":23},"end":{"line":51,"column":97}},"23":{"start":{"line":52,"column":28},"end":{"line":52,"column":74}},"24":{"start":{"line":53,"column":12},"end":{"line":53,"column":100}},"25":{"start":{"line":53,"column":26},"end":{"line":53,"column":100}},"26":{"start":{"line":54,"column":40},"end":{"line":54,"column":112}},"27":{"start":{"line":55,"column":33},"end":{"line":60,"column":14}},"28":{"start":{"line":61,"column":12},"end":{"line":61,"column":50}},"29":{"start":{"line":63,"column":12},"end":{"line":63,"column":21}},"30":{"start":{"line":68,"column":0},"end":{"line":68,"column":31}}},"fnMap":{"0":{"name":"(anonymous_0)","decl":{"start":{"line":5,"column":4},"end":{"line":5,"column":5}},"loc":{"start":{"line":5,"column":42},"end":{"line":28,"column":5}},"line":5},"1":{"name":"(anonymous_1)","decl":{"start":{"line":30,"column":4},"end":{"line":30,"column":5}},"loc":{"start":{"line":30,"column":41},"end":{"line":44,"column":5}},"line":30},"2":{"name":"(anonymous_2)","decl":{"start":{"line":46,"column":4},"end":{"line":46,"column":5}},"loc":{"start":{"line":46,"column":39},"end":{"line":65,"column":5}},"line":46}},"branchMap":{"0":{"loc":{"start":{"line":8,"column":12},"end":{"line":24,"column":13}},"type":"if","locations":[{"start":{"line":8,"column":12},"end":{"line":24,"column":13}},{"start":{"line":8,"column":12},"end":{"line":24,"column":13}}],"line":8},"1":{"loc":{"start":{"line":16,"column":19},"end":{"line":24,"column":13}},"type":"if","locations":[{"start":{"line":16,"column":19},"end":{"line":24,"column":13}},{"start":{"line":16,"column":19},"end":{"line":24,"column":13}}],"line":16},"2":{"loc":{"start":{"line":33,"column":69},"end":{"line":35,"column":48}},"type":"cond-expr","locations":[{"start":{"line":34,"column":18},"end":{"line":34,"column":46}},{"start":{"line":35,"column":18},"end":{"line":35,"column":48}}],"line":33},"3":{"loc":{"start":{"line":51,"column":12},"end":{"line":51,"column":97}},"type":"if","locations":[{"start":{"line":51,"column":12},"end":{"line":51,"column":97}},{"start":{"line":51,"column":12},"end":{"line":51,"column":97}}],"line":51},"4":{"loc":{"start":{"line":53,"column":12},"end":{"line":53,"column":100}},"type":"if","locations":[{"start":{"line":53,"column":12},"end":{"line":53,"column":100}},{"start":{"line":53,"column":12},"end":{"line":53,"column":100}}],"line":53}},"s":{"0":7,"1":7,"2":7,"3":4,"4":4,"5":4,"6":3,"7":1,"8":1,"9":1,"10":1,"11":2,"12":1,"13":1,"14":1,"15":1,"16":0,"17":3,"18":3,"19":3,"20":3,"21":3,"22":2,"23":1,"24":1,"25":0,"26":1,"27":1,"28":1,"29":2,"30":7},"f":{"0":4,"1":1,"2":3},"b":{"0":[3,1],"1":[1,0],"2":[1,0],"3":[2,1],"4":[0,1]},"_coverageSchema":"1a1c01bbd47fc00a2c39e90264f33305004495a9","hash":"07d1a568bece2fd49ffe518ab9233ffdece10ff7"}
,"/home/amos/Documents/phase3/foodtonomous-server/helpers/bcrypt.js": {"path":"/home/amos/Documents/phase3/foodtonomous-server/helpers/bcrypt.js","statementMap":{"0":{"start":{"line":1,"column":15},"end":{"line":1,"column":34}},"1":{"start":{"line":3,"column":21},"end":{"line":6,"column":1}},"2":{"start":{"line":4,"column":17},"end":{"line":4,"column":39}},"3":{"start":{"line":5,"column":4},"end":{"line":5,"column":43}},"4":{"start":{"line":8,"column":24},"end":{"line":10,"column":1}},"5":{"start":{"line":9,"column":4},"end":{"line":9,"column":54}},"6":{"start":{"line":11,"column":0},"end":{"line":11,"column":47}}},"fnMap":{"0":{"name":"(anonymous_0)","decl":{"start":{"line":3,"column":21},"end":{"line":3,"column":22}},"loc":{"start":{"line":3,"column":35},"end":{"line":6,"column":1}},"line":3},"1":{"name":"(anonymous_1)","decl":{"start":{"line":8,"column":24},"end":{"line":8,"column":25}},"loc":{"start":{"line":8,"column":52},"end":{"line":10,"column":1}},"line":8}},"branchMap":{},"s":{"0":7,"1":7,"2":5,"3":5,"4":7,"5":2,"6":7},"f":{"0":5,"1":2},"b":{},"_coverageSchema":"1a1c01bbd47fc00a2c39e90264f33305004495a9","hash":"49d2db96b65845cc2325a98a873818b0c1a2b716"}
,"/home/amos/Documents/phase3/foodtonomous-server/helpers/jwt.js": {"path":"/home/amos/Documents/phase3/foodtonomous-server/helpers/jwt.js","statementMap":{"0":{"start":{"line":1,"column":12},"end":{"line":1,"column":35}},"1":{"start":{"line":2,"column":22},"end":{"line":4,"column":1}},"2":{"start":{"line":3,"column":4},"end":{"line":3,"column":36}},"3":{"start":{"line":6,"column":20},"end":{"line":8,"column":1}},"4":{"start":{"line":7,"column":4},"end":{"line":7,"column":35}},"5":{"start":{"line":10,"column":0},"end":{"line":13,"column":1}}},"fnMap":{"0":{"name":"(anonymous_0)","decl":{"start":{"line":2,"column":22},"end":{"line":2,"column":23}},"loc":{"start":{"line":2,"column":35},"end":{"line":4,"column":1}},"line":2},"1":{"name":"(anonymous_1)","decl":{"start":{"line":6,"column":20},"end":{"line":6,"column":21}},"loc":{"start":{"line":6,"column":31},"end":{"line":8,"column":1}},"line":6}},"branchMap":{},"s":{"0":7,"1":7,"2":6,"3":7,"4":1,"5":7},"f":{"0":6,"1":1},"b":{},"_coverageSchema":"1a1c01bbd47fc00a2c39e90264f33305004495a9","hash":"55a8ffb12458f65a4b0f1eef51945b5e317567a1"}
,"/home/amos/Documents/phase3/foodtonomous-server/midlewares/auth.js": {"path":"/home/amos/Documents/phase3/foodtonomous-server/midlewares/auth.js","statementMap":{"0":{"start":{"line":1,"column":12},"end":{"line":1,"column":35}},"1":{"start":{"line":2,"column":23},"end":{"line":2,"column":44}},"2":{"start":{"line":3,"column":0},"end":{"line":19,"column":1}},"3":{"start":{"line":4,"column":4},"end":{"line":18,"column":5}},"4":{"start":{"line":5,"column":8},"end":{"line":5,"column":46}},"5":{"start":{"line":6,"column":8},"end":{"line":6,"column":101}},"6":{"start":{"line":6,"column":38},"end":{"line":6,"column":101}},"7":{"start":{"line":7,"column":23},"end":{"line":7,"column":66}},"8":{"start":{"line":8,"column":8},"end":{"line":8,"column":27}},"9":{"start":{"line":9,"column":19},"end":{"line":9,"column":67}},"10":{"start":{"line":10,"column":8},"end":{"line":12,"column":9}},"11":{"start":{"line":11,"column":12},"end":{"line":11,"column":69}},"12":{"start":{"line":13,"column":8},"end":{"line":13,"column":75}},"13":{"start":{"line":13,"column":18},"end":{"line":13,"column":75}},"14":{"start":{"line":14,"column":8},"end":{"line":14,"column":25}},"15":{"start":{"line":15,"column":8},"end":{"line":15,"column":14}},"16":{"start":{"line":17,"column":8},"end":{"line":17,"column":17}}},"fnMap":{"0":{"name":"(anonymous_0)","decl":{"start":{"line":3,"column":17},"end":{"line":3,"column":18}},"loc":{"start":{"line":3,"column":43},"end":{"line":19,"column":1}},"line":3}},"branchMap":{"0":{"loc":{"start":{"line":6,"column":8},"end":{"line":6,"column":101}},"type":"if","locations":[{"start":{"line":6,"column":8},"end":{"line":6,"column":101}},{"start":{"line":6,"column":8},"end":{"line":6,"column":101}}],"line":6},"1":{"loc":{"start":{"line":10,"column":8},"end":{"line":12,"column":9}},"type":"if","locations":[{"start":{"line":10,"column":8},"end":{"line":12,"column":9}},{"start":{"line":10,"column":8},"end":{"line":12,"column":9}}],"line":10},"2":{"loc":{"start":{"line":13,"column":8},"end":{"line":13,"column":75}},"type":"if","locations":[{"start":{"line":13,"column":8},"end":{"line":13,"column":75}},{"start":{"line":13,"column":8},"end":{"line":13,"column":75}}],"line":13}},"s":{"0":7,"1":7,"2":7,"3":18,"4":18,"5":18,"6":1,"7":17,"8":16,"9":16,"10":16,"11":1,"12":16,"13":0,"14":16,"15":16,"16":2},"f":{"0":18},"b":{"0":[1,17],"1":[1,15],"2":[0,16]},"_coverageSchema":"1a1c01bbd47fc00a2c39e90264f33305004495a9","hash":"60f1ca02978b46343c26a70c3703de4b08ddf256"}
,"/home/amos/Documents/phase3/foodtonomous-server/midlewares/errorHandler.js": {"path":"/home/amos/Documents/phase3/foodtonomous-server/midlewares/errorHandler.js","statementMap":{"0":{"start":{"line":1,"column":0},"end":{"line":15,"column":1}},"1":{"start":{"line":2,"column":4},"end":{"line":14,"column":6}},"2":{"start":{"line":3,"column":8},"end":{"line":3,"column":67}},"3":{"start":{"line":4,"column":12},"end":{"line":14,"column":6}},"4":{"start":{"line":5,"column":24},"end":{"line":5,"column":54}},"5":{"start":{"line":5,"column":44},"end":{"line":5,"column":53}},"6":{"start":{"line":6,"column":8},"end":{"line":6,"column":53}},"7":{"start":{"line":7,"column":11},"end":{"line":14,"column":6}},"8":{"start":{"line":8,"column":8},"end":{"line":8,"column":56}},"9":{"start":{"line":9,"column":11},"end":{"line":14,"column":6}},"10":{"start":{"line":10,"column":8},"end":{"line":10,"column":59}},"11":{"start":{"line":12,"column":8},"end":{"line":12,"column":25}},"12":{"start":{"line":13,"column":8},"end":{"line":13,"column":69}}},"fnMap":{"0":{"name":"(anonymous_0)","decl":{"start":{"line":1,"column":17},"end":{"line":1,"column":18}},"loc":{"start":{"line":1,"column":42},"end":{"line":15,"column":1}},"line":1},"1":{"name":"(anonymous_1)","decl":{"start":{"line":5,"column":39},"end":{"line":5,"column":40}},"loc":{"start":{"line":5,"column":44},"end":{"line":5,"column":53}},"line":5}},"branchMap":{"0":{"loc":{"start":{"line":2,"column":4},"end":{"line":14,"column":6}},"type":"if","locations":[{"start":{"line":2,"column":4},"end":{"line":14,"column":6}},{"start":{"line":2,"column":4},"end":{"line":14,"column":6}}],"line":2},"1":{"loc":{"start":{"line":4,"column":12},"end":{"line":14,"column":6}},"type":"if","locations":[{"start":{"line":4,"column":12},"end":{"line":14,"column":6}},{"start":{"line":4,"column":12},"end":{"line":14,"column":6}}],"line":4},"2":{"loc":{"start":{"line":7,"column":11},"end":{"line":14,"column":6}},"type":"if","locations":[{"start":{"line":7,"column":11},"end":{"line":14,"column":6}},{"start":{"line":7,"column":11},"end":{"line":14,"column":6}}],"line":7},"3":{"loc":{"start":{"line":9,"column":11},"end":{"line":14,"column":6}},"type":"if","locations":[{"start":{"line":9,"column":11},"end":{"line":14,"column":6}},{"start":{"line":9,"column":11},"end":{"line":14,"column":6}}],"line":9}},"s":{"0":7,"1":8,"2":1,"3":7,"4":1,"5":1,"6":1,"7":6,"8":4,"9":2,"10":1,"11":1,"12":1},"f":{"0":8,"1":1},"b":{"0":[1,7],"1":[1,6],"2":[4,2],"3":[1,1]},"_coverageSchema":"1a1c01bbd47fc00a2c39e90264f33305004495a9","hash":"e30a8cc7f292cd523fa47be5064d337a205a5630"}
,"/home/amos/Documents/phase3/foodtonomous-server/models/automationschedules.js": {"path":"/home/amos/Documents/phase3/foodtonomous-server/models/automationschedules.js","statementMap":{"0":{"start":{"line":4,"column":4},"end":{"line":4,"column":24}},"1":{"start":{"line":5,"column":0},"end":{"line":29,"column":2}},"2":{"start":{"line":14,"column":6},"end":{"line":14,"column":83}},"3":{"start":{"line":15,"column":6},"end":{"line":15,"column":72}},"4":{"start":{"line":18,"column":2},"end":{"line":27,"column":5}},"5":{"start":{"line":28,"column":2},"end":{"line":28,"column":28}}},"fnMap":{"0":{"name":"(anonymous_0)","decl":{"start":{"line":5,"column":17},"end":{"line":5,"column":18}},"loc":{"start":{"line":5,"column":43},"end":{"line":29,"column":1}},"line":5},"1":{"name":"(anonymous_1)","decl":{"start":{"line":12,"column":4},"end":{"line":12,"column":5}},"loc":{"start":{"line":12,"column":29},"end":{"line":16,"column":5}},"line":12}},"branchMap":{},"s":{"0":7,"1":7,"2":7,"3":7,"4":7,"5":7},"f":{"0":7,"1":7},"b":{},"_coverageSchema":"1a1c01bbd47fc00a2c39e90264f33305004495a9","hash":"33b915e6263b596fb55eeea02fbd4a1d8ac2b988"}
,"/home/amos/Documents/phase3/foodtonomous-server/models/driver.js": {"path":"/home/amos/Documents/phase3/foodtonomous-server/models/driver.js","statementMap":{"0":{"start":{"line":4,"column":4},"end":{"line":4,"column":24}},"1":{"start":{"line":5,"column":25},"end":{"line":5,"column":53}},"2":{"start":{"line":6,"column":0},"end":{"line":48,"column":2}},"3":{"start":{"line":17,"column":2},"end":{"line":46,"column":5}},"4":{"start":{"line":47,"column":2},"end":{"line":47,"column":16}}},"fnMap":{"0":{"name":"(anonymous_0)","decl":{"start":{"line":6,"column":17},"end":{"line":6,"column":18}},"loc":{"start":{"line":6,"column":43},"end":{"line":48,"column":1}},"line":6},"1":{"name":"(anonymous_1)","decl":{"start":{"line":13,"column":4},"end":{"line":13,"column":5}},"loc":{"start":{"line":13,"column":29},"end":{"line":15,"column":5}},"line":13}},"branchMap":{},"s":{"0":7,"1":7,"2":7,"3":7,"4":7},"f":{"0":7,"1":7},"b":{},"_coverageSchema":"1a1c01bbd47fc00a2c39e90264f33305004495a9","hash":"6003c7a745de325fa0985c611b184c5d8d4e8f34"}
,"/home/amos/Documents/phase3/foodtonomous-server/models/favoritefoods.js": {"path":"/home/amos/Documents/phase3/foodtonomous-server/models/favoritefoods.js","statementMap":{"0":{"start":{"line":4,"column":4},"end":{"line":4,"column":24}},"1":{"start":{"line":5,"column":0},"end":{"line":28,"column":2}},"2":{"start":{"line":14,"column":6},"end":{"line":14,"column":65}},"3":{"start":{"line":15,"column":6},"end":{"line":15,"column":66}},"4":{"start":{"line":16,"column":6},"end":{"line":16,"column":77}},"5":{"start":{"line":19,"column":2},"end":{"line":26,"column":5}},"6":{"start":{"line":27,"column":2},"end":{"line":27,"column":22}}},"fnMap":{"0":{"name":"(anonymous_0)","decl":{"start":{"line":5,"column":17},"end":{"line":5,"column":18}},"loc":{"start":{"line":5,"column":43},"end":{"line":28,"column":1}},"line":5},"1":{"name":"(anonymous_1)","decl":{"start":{"line":12,"column":4},"end":{"line":12,"column":5}},"loc":{"start":{"line":12,"column":29},"end":{"line":17,"column":5}},"line":12}},"branchMap":{},"s":{"0":7,"1":7,"2":7,"3":7,"4":7,"5":7,"6":7},"f":{"0":7,"1":7},"b":{},"_coverageSchema":"1a1c01bbd47fc00a2c39e90264f33305004495a9","hash":"c390ef2cc9949f1bd93a3a01b11f45aad7be5546"}
,"/home/amos/Documents/phase3/foodtonomous-server/models/food.js": {"path":"/home/amos/Documents/phase3/foodtonomous-server/models/food.js","statementMap":{"0":{"start":{"line":4,"column":4},"end":{"line":4,"column":24}},"1":{"start":{"line":5,"column":0},"end":{"line":30,"column":2}},"2":{"start":{"line":14,"column":6},"end":{"line":14,"column":70}},"3":{"start":{"line":15,"column":6},"end":{"line":15,"column":57}},"4":{"start":{"line":16,"column":6},"end":{"line":16,"column":64}},"5":{"start":{"line":17,"column":6},"end":{"line":17,"column":70}},"6":{"start":{"line":20,"column":2},"end":{"line":28,"column":5}},"7":{"start":{"line":29,"column":2},"end":{"line":29,"column":15}}},"fnMap":{"0":{"name":"(anonymous_0)","decl":{"start":{"line":5,"column":17},"end":{"line":5,"column":18}},"loc":{"start":{"line":5,"column":43},"end":{"line":30,"column":1}},"line":5},"1":{"name":"(anonymous_1)","decl":{"start":{"line":12,"column":4},"end":{"line":12,"column":5}},"loc":{"start":{"line":12,"column":29},"end":{"line":18,"column":5}},"line":12}},"branchMap":{},"s":{"0":7,"1":7,"2":7,"3":7,"4":7,"5":7,"6":7,"7":7},"f":{"0":7,"1":7},"b":{},"_coverageSchema":"1a1c01bbd47fc00a2c39e90264f33305004495a9","hash":"72486f0791837cb5ded87e2f74b89cad0e61b845"}
,"/home/amos/Documents/phase3/foodtonomous-server/models/index.js": {"path":"/home/amos/Documents/phase3/foodtonomous-server/models/index.js","statementMap":{"0":{"start":{"line":3,"column":11},"end":{"line":3,"column":24}},"1":{"start":{"line":4,"column":13},"end":{"line":4,"column":28}},"2":{"start":{"line":5,"column":18},"end":{"line":5,"column":38}},"3":{"start":{"line":6,"column":17},"end":{"line":6,"column":42}},"4":{"start":{"line":7,"column":12},"end":{"line":7,"column":49}},"5":{"start":{"line":8,"column":15},"end":{"line":8,"column":65}},"6":{"start":{"line":9,"column":11},"end":{"line":9,"column":13}},"7":{"start":{"line":12,"column":0},"end":{"line":16,"column":1}},"8":{"start":{"line":13,"column":2},"end":{"line":13,"column":74}},"9":{"start":{"line":15,"column":2},"end":{"line":15,"column":87}},"10":{"start":{"line":18,"column":0},"end":{"line":26,"column":5}},"11":{"start":{"line":21,"column":4},"end":{"line":21,"column":90}},"12":{"start":{"line":24,"column":18},"end":{"line":24,"column":85}},"13":{"start":{"line":25,"column":4},"end":{"line":25,"column":27}},"14":{"start":{"line":28,"column":0},"end":{"line":32,"column":3}},"15":{"start":{"line":29,"column":2},"end":{"line":31,"column":3}},"16":{"start":{"line":30,"column":4},"end":{"line":30,"column":32}},"17":{"start":{"line":34,"column":0},"end":{"line":34,"column":25}},"18":{"start":{"line":35,"column":0},"end":{"line":35,"column":25}},"19":{"start":{"line":37,"column":0},"end":{"line":37,"column":20}}},"fnMap":{"0":{"name":"(anonymous_0)","decl":{"start":{"line":20,"column":10},"end":{"line":20,"column":11}},"loc":{"start":{"line":20,"column":18},"end":{"line":22,"column":3}},"line":20},"1":{"name":"(anonymous_1)","decl":{"start":{"line":23,"column":11},"end":{"line":23,"column":12}},"loc":{"start":{"line":23,"column":19},"end":{"line":26,"column":3}},"line":23},"2":{"name":"(anonymous_2)","decl":{"start":{"line":28,"column":24},"end":{"line":28,"column":25}},"loc":{"start":{"line":28,"column":37},"end":{"line":32,"column":1}},"line":28}},"branchMap":{"0":{"loc":{"start":{"line":7,"column":12},"end":{"line":7,"column":49}},"type":"binary-expr","locations":[{"start":{"line":7,"column":12},"end":{"line":7,"column":32}},{"start":{"line":7,"column":36},"end":{"line":7,"column":49}}],"line":7},"1":{"loc":{"start":{"line":12,"column":0},"end":{"line":16,"column":1}},"type":"if","locations":[{"start":{"line":12,"column":0},"end":{"line":16,"column":1}},{"start":{"line":12,"column":0},"end":{"line":16,"column":1}}],"line":12},"2":{"loc":{"start":{"line":21,"column":11},"end":{"line":21,"column":89}},"type":"binary-expr","locations":[{"start":{"line":21,"column":12},"end":{"line":21,"column":35}},{"start":{"line":21,"column":41},"end":{"line":21,"column":58}},{"start":{"line":21,"column":64},"end":{"line":21,"column":88}}],"line":21},"3":{"loc":{"start":{"line":29,"column":2},"end":{"line":31,"column":3}},"type":"if","locations":[{"start":{"line":29,"column":2},"end":{"line":31,"column":3}},{"start":{"line":29,"column":2},"end":{"line":31,"column":3}}],"line":29}},"s":{"0":7,"1":7,"2":7,"3":7,"4":7,"5":7,"6":7,"7":7,"8":0,"9":7,"10":7,"11":56,"12":49,"13":49,"14":7,"15":49,"16":49,"17":7,"18":7,"19":7},"f":{"0":56,"1":49,"2":49},"b":{"0":[7,0],"1":[0,7],"2":[56,56,49],"3":[49,0]},"_coverageSchema":"1a1c01bbd47fc00a2c39e90264f33305004495a9","hash":"b50809fe638a685cd982fe13314aa680a544efec"}
,"/home/amos/Documents/phase3/foodtonomous-server/models/orders.js": {"path":"/home/amos/Documents/phase3/foodtonomous-server/models/orders.js","statementMap":{"0":{"start":{"line":4,"column":4},"end":{"line":4,"column":24}},"1":{"start":{"line":5,"column":0},"end":{"line":38,"column":2}},"2":{"start":{"line":14,"column":6},"end":{"line":14,"column":58}},"3":{"start":{"line":15,"column":6},"end":{"line":15,"column":62}},"4":{"start":{"line":16,"column":6},"end":{"line":16,"column":70}},"5":{"start":{"line":17,"column":6},"end":{"line":17,"column":59}},"6":{"start":{"line":20,"column":2},"end":{"line":36,"column":5}},"7":{"start":{"line":33,"column":8},"end":{"line":33,"column":48}},"8":{"start":{"line":37,"column":2},"end":{"line":37,"column":15}}},"fnMap":{"0":{"name":"(anonymous_0)","decl":{"start":{"line":5,"column":17},"end":{"line":5,"column":18}},"loc":{"start":{"line":5,"column":43},"end":{"line":38,"column":1}},"line":5},"1":{"name":"(anonymous_1)","decl":{"start":{"line":12,"column":4},"end":{"line":12,"column":5}},"loc":{"start":{"line":12,"column":29},"end":{"line":18,"column":5}},"line":12},"2":{"name":"(anonymous_2)","decl":{"start":{"line":32,"column":20},"end":{"line":32,"column":21}},"loc":{"start":{"line":32,"column":28},"end":{"line":34,"column":7}},"line":32}},"branchMap":{"0":{"loc":{"start":{"line":33,"column":23},"end":{"line":33,"column":48}},"type":"binary-expr","locations":[{"start":{"line":33,"column":23},"end":{"line":33,"column":35}},{"start":{"line":33,"column":39},"end":{"line":33,"column":48}}],"line":33}},"s":{"0":7,"1":7,"2":7,"3":7,"4":7,"5":7,"6":7,"7":1,"8":7},"f":{"0":7,"1":7,"2":1},"b":{"0":[1,0]},"_coverageSchema":"1a1c01bbd47fc00a2c39e90264f33305004495a9","hash":"7b1b36d54aba0be0c90f8eea59931c3f5e409680"}
,"/home/amos/Documents/phase3/foodtonomous-server/models/restaurants.js": {"path":"/home/amos/Documents/phase3/foodtonomous-server/models/restaurants.js","statementMap":{"0":{"start":{"line":4,"column":4},"end":{"line":4,"column":24}},"1":{"start":{"line":5,"column":0},"end":{"line":29,"column":2}},"2":{"start":{"line":14,"column":6},"end":{"line":14,"column":81}},"3":{"start":{"line":15,"column":6},"end":{"line":15,"column":68}},"4":{"start":{"line":16,"column":6},"end":{"line":16,"column":68}},"5":{"start":{"line":17,"column":6},"end":{"line":17,"column":75}},"6":{"start":{"line":20,"column":2},"end":{"line":27,"column":5}},"7":{"start":{"line":28,"column":2},"end":{"line":28,"column":20}}},"fnMap":{"0":{"name":"(anonymous_0)","decl":{"start":{"line":5,"column":17},"end":{"line":5,"column":18}},"loc":{"start":{"line":5,"column":43},"end":{"line":29,"column":1}},"line":5},"1":{"name":"(anonymous_1)","decl":{"start":{"line":12,"column":4},"end":{"line":12,"column":5}},"loc":{"start":{"line":12,"column":29},"end":{"line":18,"column":5}},"line":12}},"branchMap":{},"s":{"0":7,"1":7,"2":7,"3":7,"4":7,"5":7,"6":7,"7":7},"f":{"0":7,"1":7},"b":{},"_coverageSchema":"1a1c01bbd47fc00a2c39e90264f33305004495a9","hash":"21ed52bfcd5be8b6a81b2e02a329334c13c65bb4"}
,"/home/amos/Documents/phase3/foodtonomous-server/models/user.js": {"path":"/home/amos/Documents/phase3/foodtonomous-server/models/user.js","statementMap":{"0":{"start":{"line":4,"column":4},"end":{"line":4,"column":24}},"1":{"start":{"line":5,"column":25},"end":{"line":5,"column":53}},"2":{"start":{"line":6,"column":0},"end":{"line":51,"column":2}},"3":{"start":{"line":15,"column":6},"end":{"line":15,"column":55}},"4":{"start":{"line":16,"column":6},"end":{"line":16,"column":58}},"5":{"start":{"line":17,"column":6},"end":{"line":17,"column":62}},"6":{"start":{"line":20,"column":2},"end":{"line":49,"column":5}},"7":{"start":{"line":45,"column":8},"end":{"line":45,"column":51}},"8":{"start":{"line":46,"column":8},"end":{"line":46,"column":96}},"9":{"start":{"line":50,"column":2},"end":{"line":50,"column":14}}},"fnMap":{"0":{"name":"(anonymous_0)","decl":{"start":{"line":6,"column":17},"end":{"line":6,"column":18}},"loc":{"start":{"line":6,"column":43},"end":{"line":51,"column":1}},"line":6},"1":{"name":"(anonymous_1)","decl":{"start":{"line":13,"column":4},"end":{"line":13,"column":5}},"loc":{"start":{"line":13,"column":29},"end":{"line":18,"column":5}},"line":13},"2":{"name":"(anonymous_2)","decl":{"start":{"line":44,"column":20},"end":{"line":44,"column":21}},"loc":{"start":{"line":44,"column":30},"end":{"line":47,"column":7}},"line":44}},"branchMap":{},"s":{"0":7,"1":7,"2":7,"3":7,"4":7,"5":7,"6":7,"7":5,"8":5,"9":7},"f":{"0":7,"1":7,"2":5},"b":{},"_coverageSchema":"1a1c01bbd47fc00a2c39e90264f33305004495a9","hash":"6a6c5f038cce4076d228c3cb76c0c540552b7db3"}
,"/home/amos/Documents/phase3/foodtonomous-server/routes/automationScheduleRoute.js": {"path":"/home/amos/Documents/phase3/foodtonomous-server/routes/automationScheduleRoute.js","statementMap":{"0":{"start":{"line":1,"column":37},"end":{"line":1,"column":91}},"1":{"start":{"line":2,"column":13},"end":{"line":2,"column":42}},"2":{"start":{"line":4,"column":14},"end":{"line":4,"column":41}},"3":{"start":{"line":6,"column":0},"end":{"line":6,"column":15}},"4":{"start":{"line":7,"column":0},"end":{"line":7,"column":60}},"5":{"start":{"line":8,"column":0},"end":{"line":8,"column":57}},"6":{"start":{"line":9,"column":0},"end":{"line":9,"column":62}},"7":{"start":{"line":10,"column":0},"end":{"line":10,"column":62}},"8":{"start":{"line":11,"column":0},"end":{"line":11,"column":65}},"9":{"start":{"line":14,"column":0},"end":{"line":14,"column":22}}},"fnMap":{},"branchMap":{},"s":{"0":7,"1":7,"2":7,"3":7,"4":7,"5":7,"6":7,"7":7,"8":7,"9":7},"f":{},"b":{},"_coverageSchema":"1a1c01bbd47fc00a2c39e90264f33305004495a9","hash":"7b9f3724370881123796cdb87ea53e8d618c6ab8"}
,"/home/amos/Documents/phase3/foodtonomous-server/routes/driverRoute.js": {"path":"/home/amos/Documents/phase3/foodtonomous-server/routes/driverRoute.js","statementMap":{"0":{"start":{"line":1,"column":25},"end":{"line":1,"column":67}},"1":{"start":{"line":3,"column":14},"end":{"line":3,"column":41}},"2":{"start":{"line":5,"column":0},"end":{"line":5,"column":51}},"3":{"start":{"line":7,"column":0},"end":{"line":7,"column":22}}},"fnMap":{},"branchMap":{},"s":{"0":7,"1":7,"2":7,"3":7},"f":{},"b":{},"_coverageSchema":"1a1c01bbd47fc00a2c39e90264f33305004495a9","hash":"becbcab2b646732ccea31c6a8ef2eee6824d06f7"}
,"/home/amos/Documents/phase3/foodtonomous-server/routes/favoriteFoodRoute.js": {"path":"/home/amos/Documents/phase3/foodtonomous-server/routes/favoriteFoodRoute.js","statementMap":{"0":{"start":{"line":1,"column":31},"end":{"line":1,"column":79}},"1":{"start":{"line":2,"column":13},"end":{"line":2,"column":42}},"2":{"start":{"line":3,"column":14},"end":{"line":3,"column":41}},"3":{"start":{"line":4,"column":0},"end":{"line":4,"column":15}},"4":{"start":{"line":5,"column":0},"end":{"line":5,"column":58}},"5":{"start":{"line":6,"column":0},"end":{"line":6,"column":55}},"6":{"start":{"line":7,"column":0},"end":{"line":7,"column":60}},"7":{"start":{"line":8,"column":0},"end":{"line":8,"column":63}},"8":{"start":{"line":10,"column":0},"end":{"line":10,"column":22}}},"fnMap":{},"branchMap":{},"s":{"0":7,"1":7,"2":7,"3":7,"4":7,"5":7,"6":7,"7":7,"8":7},"f":{},"b":{},"_coverageSchema":"1a1c01bbd47fc00a2c39e90264f33305004495a9","hash":"472c87b0fe03fd4f333245d3d06cabe024d1dc23"}
,"/home/amos/Documents/phase3/foodtonomous-server/routes/foodRoute.js": {"path":"/home/amos/Documents/phase3/foodtonomous-server/routes/foodRoute.js","statementMap":{"0":{"start":{"line":1,"column":23},"end":{"line":1,"column":63}},"1":{"start":{"line":2,"column":14},"end":{"line":2,"column":41}},"2":{"start":{"line":4,"column":0},"end":{"line":4,"column":42}},"3":{"start":{"line":5,"column":0},"end":{"line":5,"column":44}},"4":{"start":{"line":7,"column":0},"end":{"line":7,"column":22}}},"fnMap":{},"branchMap":{},"s":{"0":7,"1":7,"2":7,"3":7,"4":7},"f":{},"b":{},"_coverageSchema":"1a1c01bbd47fc00a2c39e90264f33305004495a9","hash":"c1853aa6847ed2456be8e715e5ce25e1d9722bbd"}
,"/home/amos/Documents/phase3/foodtonomous-server/routes/index.js": {"path":"/home/amos/Documents/phase3/foodtonomous-server/routes/index.js","statementMap":{"0":{"start":{"line":1,"column":14},"end":{"line":1,"column":41}},"1":{"start":{"line":2,"column":19},"end":{"line":2,"column":41}},"2":{"start":{"line":3,"column":21},"end":{"line":3,"column":45}},"3":{"start":{"line":4,"column":20},"end":{"line":4,"column":43}},"4":{"start":{"line":5,"column":19},"end":{"line":5,"column":41}},"5":{"start":{"line":6,"column":25},"end":{"line":6,"column":53}},"6":{"start":{"line":7,"column":33},"end":{"line":7,"column":69}},"7":{"start":{"line":8,"column":27},"end":{"line":8,"column":57}},"8":{"start":{"line":9,"column":0},"end":{"line":11,"column":2}},"9":{"start":{"line":10,"column":4},"end":{"line":10,"column":52}},"10":{"start":{"line":13,"column":0},"end":{"line":13,"column":26}},"11":{"start":{"line":14,"column":0},"end":{"line":14,"column":28}},"12":{"start":{"line":15,"column":0},"end":{"line":15,"column":33}},"13":{"start":{"line":16,"column":0},"end":{"line":16,"column":31}},"14":{"start":{"line":17,"column":0},"end":{"line":17,"column":43}},"15":{"start":{"line":18,"column":0},"end":{"line":18,"column":47}},"16":{"start":{"line":19,"column":0},"end":{"line":19,"column":59}},"17":{"start":{"line":21,"column":0},"end":{"line":21,"column":22}}},"fnMap":{"0":{"name":"(anonymous_0)","decl":{"start":{"line":9,"column":15},"end":{"line":9,"column":16}},"loc":{"start":{"line":9,"column":29},"end":{"line":11,"column":1}},"line":9}},"branchMap":{},"s":{"0":7,"1":7,"2":7,"3":7,"4":7,"5":7,"6":7,"7":7,"8":7,"9":0,"10":7,"11":7,"12":7,"13":7,"14":7,"15":7,"16":7,"17":7},"f":{"0":0},"b":{},"_coverageSchema":"1a1c01bbd47fc00a2c39e90264f33305004495a9","hash":"caf40203b3e5e30f0723fe32baab29bd3a90f627"}
,"/home/amos/Documents/phase3/foodtonomous-server/routes/orderRoute.js": {"path":"/home/amos/Documents/phase3/foodtonomous-server/routes/orderRoute.js","statementMap":{"0":{"start":{"line":1,"column":24},"end":{"line":1,"column":65}},"1":{"start":{"line":2,"column":13},"end":{"line":2,"column":42}},"2":{"start":{"line":5,"column":14},"end":{"line":5,"column":41}},"3":{"start":{"line":7,"column":0},"end":{"line":7,"column":15}},"4":{"start":{"line":9,"column":0},"end":{"line":9,"column":56}},"5":{"start":{"line":10,"column":0},"end":{"line":10,"column":43}},"6":{"start":{"line":11,"column":0},"end":{"line":11,"column":61}},"7":{"start":{"line":14,"column":0},"end":{"line":14,"column":49}},"8":{"start":{"line":16,"column":0},"end":{"line":16,"column":22}}},"fnMap":{},"branchMap":{},"s":{"0":7,"1":7,"2":7,"3":7,"4":7,"5":7,"6":7,"7":7,"8":7},"f":{},"b":{},"_coverageSchema":"1a1c01bbd47fc00a2c39e90264f33305004495a9","hash":"4863a643155a4baa87da175b3293f2f34f4f850f"}
,"/home/amos/Documents/phase3/foodtonomous-server/routes/restaurantRoute.js": {"path":"/home/amos/Documents/phase3/foodtonomous-server/routes/restaurantRoute.js","statementMap":{"0":{"start":{"line":1,"column":29},"end":{"line":1,"column":75}},"1":{"start":{"line":2,"column":13},"end":{"line":2,"column":42}},"2":{"start":{"line":3,"column":14},"end":{"line":3,"column":41}},"3":{"start":{"line":5,"column":0},"end":{"line":5,"column":53}},"4":{"start":{"line":6,"column":0},"end":{"line":6,"column":56}},"5":{"start":{"line":9,"column":0},"end":{"line":9,"column":22}}},"fnMap":{},"branchMap":{},"s":{"0":7,"1":7,"2":7,"3":7,"4":7,"5":7},"f":{},"b":{},"_coverageSchema":"1a1c01bbd47fc00a2c39e90264f33305004495a9","hash":"c4415ef234c69d8a5ee115e16bafe1b4c02d3321"}
,"/home/amos/Documents/phase3/foodtonomous-server/routes/userRoute.js": {"path":"/home/amos/Documents/phase3/foodtonomous-server/routes/userRoute.js","statementMap":{"0":{"start":{"line":1,"column":23},"end":{"line":1,"column":64}},"1":{"start":{"line":2,"column":13},"end":{"line":2,"column":42}},"2":{"start":{"line":3,"column":14},"end":{"line":3,"column":41}},"3":{"start":{"line":5,"column":0},"end":{"line":5,"column":48}},"4":{"start":{"line":6,"column":0},"end":{"line":6,"column":48}},"5":{"start":{"line":7,"column":0},"end":{"line":7,"column":47}},"6":{"start":{"line":8,"column":0},"end":{"line":8,"column":22}}},"fnMap":{},"branchMap":{},"s":{"0":7,"1":7,"2":7,"3":7,"4":7,"5":7,"6":7},"f":{},"b":{},"_coverageSchema":"1a1c01bbd47fc00a2c39e90264f33305004495a9","hash":"afa23913a18e32bcf6d072fc3f33bcd4dc26a601"}
}
