TN:
SF:app.js
FNF:0
FNH:0
DA:1,7
DA:2,7
DA:3,7
DA:4,7
DA:5,7
DA:6,7
DA:9,7
DA:10,7
DA:11,7
DA:14,7
DA:15,7
DA:16,7
LF:12
LH:12
BRF:0
BRH:0
end_of_record
TN:
SF:bin/http.js
FN:10,createOrder
FN:14,(anonymous_1)
FN:16,(anonymous_2)
FN:51,(anonymous_3)
FN:67,(anonymous_4)
FNF:5
FNH:2
FNDA:0,createOrder
FNDA:1,(anonymous_1)
FNDA:0,(anonymous_2)
FNDA:0,(anonymous_3)
FNDA:1,(anonymous_4)
DA:1,1
DA:2,1
DA:3,1
DA:4,1
DA:5,1
DA:7,1
DA:8,1
DA:11,0
DA:12,0
DA:14,1
DA:15,1
DA:16,1
DA:17,0
DA:18,0
DA:51,1
DA:52,0
DA:53,0
DA:67,1
LF:18
LH:12
BRF:0
BRH:0
end_of_record
TN:
SF:controllers/automationScheduleController.js
FN:4,(anonymous_0)
FN:8,(anonymous_1)
FN:31,(anonymous_2)
FN:53,(anonymous_3)
FN:63,(anonymous_4)
FN:73,(anonymous_5)
FNF:6
FNH:6
FNDA:1,(anonymous_0)
FNDA:1,(anonymous_1)
FNDA:1,(anonymous_2)
FNDA:1,(anonymous_3)
FNDA:1,(anonymous_4)
FNDA:1,(anonymous_5)
DA:1,7
DA:3,7
DA:5,1
DA:6,1
DA:7,1
DA:8,1
DA:9,1
DA:25,1
DA:27,0
DA:32,1
DA:33,1
DA:34,1
DA:35,1
DA:50,0
DA:54,1
DA:55,1
DA:56,1
DA:57,1
DA:58,1
DA:60,0
DA:64,1
DA:65,1
DA:66,1
DA:67,1
DA:68,1
DA:70,0
DA:74,1
DA:75,1
DA:76,1
DA:77,1
DA:79,0
LF:31
LH:26
BRDA:66,0,0,1
BRDA:66,0,1,0
BRF:2
BRH:1
end_of_record
TN:
SF:controllers/driverController.js
FN:5,(anonymous_0)
FNF:1
FNH:1
FNDA:1,(anonymous_0)
DA:1,7
DA:2,7
DA:3,7
DA:6,1
DA:7,1
DA:9,1
DA:10,1
DA:11,1
DA:12,1
DA:13,1
DA:14,1
DA:15,1
DA:17,1
DA:18,1
DA:24,1
DA:26,0
DA:31,7
LF:17
LH:16
BRDA:12,0,0,0
BRDA:12,0,1,1
BRDA:15,1,0,0
BRDA:15,1,1,1
BRF:4
BRH:2
end_of_record
TN:
SF:controllers/favoriteFoodController.js
FN:5,(anonymous_0)
FN:9,(anonymous_1)
FN:30,(anonymous_2)
FN:58,(anonymous_3)
FN:68,(anonymous_4)
FNF:5
FNH:5
FNDA:1,(anonymous_0)
FNDA:1,(anonymous_1)
FNDA:1,(anonymous_2)
FNDA:1,(anonymous_3)
FNDA:1,(anonymous_4)
DA:1,7
DA:4,7
DA:6,1
DA:7,1
DA:8,1
DA:9,1
DA:10,1
DA:27,0
DA:31,1
DA:32,1
DA:33,1
DA:34,1
DA:55,0
DA:59,1
DA:60,1
DA:61,1
DA:62,1
DA:63,1
DA:65,0
DA:69,1
DA:70,1
DA:71,1
DA:72,1
DA:74,0
LF:24
LH:20
BRF:0
BRH:0
end_of_record
TN:
SF:controllers/foodController.js
FN:5,(anonymous_0)
FN:8,(anonymous_1)
FN:24,(anonymous_2)
FNF:3
FNH:3
FNDA:1,(anonymous_0)
FNDA:4,(anonymous_1)
FNDA:1,(anonymous_2)
DA:1,7
DA:4,7
DA:6,1
DA:7,1
DA:8,1
DA:9,4
DA:19,1
DA:21,0
DA:25,1
DA:26,1
DA:27,1
DA:28,1
DA:38,0
LF:13
LH:11
BRF:0
BRH:0
end_of_record
TN:
SF:controllers/orderController.js
FN:4,(anonymous_0)
FN:19,(anonymous_1)
FN:31,(anonymous_2)
FN:71,(anonymous_3)
FN:79,(anonymous_4)
FN:92,(anonymous_5)
FN:102,(anonymous_6)
FNF:7
FNH:3
FNDA:0,(anonymous_0)
FNDA:0,(anonymous_1)
FNDA:3,(anonymous_2)
FNDA:0,(anonymous_3)
FNDA:1,(anonymous_4)
FNDA:1,(anonymous_5)
FNDA:0,(anonymous_6)
DA:1,7
DA:5,0
DA:6,0
DA:13,0
DA:15,0
DA:20,0
DA:21,0
DA:27,0
DA:32,3
DA:33,3
DA:34,3
DA:35,2
DA:67,1
DA:72,0
DA:73,0
DA:75,0
DA:80,1
DA:81,1
DA:82,1
DA:83,1
DA:84,1
DA:85,1
DA:86,1
DA:88,0
DA:93,1
DA:94,1
DA:95,1
DA:96,1
DA:98,0
DA:103,0
DA:104,0
DA:105,0
DA:106,0
DA:108,0
DA:114,7
LF:35
LH:18
BRF:0
BRH:0
end_of_record
TN:
SF:controllers/restaurantController.js
FN:5,(anonymous_0)
FN:8,(anonymous_1)
FN:12,(anonymous_2)
FN:26,(anonymous_3)
FN:33,(anonymous_4)
FNF:5
FNH:5
FNDA:1,(anonymous_0)
FNDA:2,(anonymous_1)
FNDA:4,(anonymous_2)
FNDA:1,(anonymous_3)
FNDA:2,(anonymous_4)
DA:1,7
DA:6,1
DA:7,1
DA:8,1
DA:9,2
DA:13,4
DA:23,0
DA:27,1
DA:28,1
DA:29,1
DA:30,1
DA:34,2
DA:43,0
DA:48,7
LF:14
LH:12
BRF:0
BRH:0
end_of_record
TN:
SF:controllers/userControllers.js
FN:5,(anonymous_0)
FN:31,(anonymous_1)
FN:48,(anonymous_2)
FNF:3
FNH:3
FNDA:3,(anonymous_0)
FNDA:1,(anonymous_1)
FNDA:3,(anonymous_2)
DA:1,7
DA:2,7
DA:3,7
DA:6,3
DA:7,3
DA:8,3
DA:9,3
DA:10,3
DA:11,1
DA:17,0
DA:18,0
DA:19,0
DA:27,2
DA:32,1
DA:33,1
DA:34,1
DA:37,1
DA:43,0
DA:44,0
DA:49,3
DA:50,3
DA:51,3
DA:52,3
DA:53,3
DA:54,1
DA:55,1
DA:56,1
DA:57,1
DA:63,1
DA:65,2
DA:70,7
LF:31
LH:26
BRDA:8,0,0,3
BRDA:8,0,1,0
BRDA:17,1,0,0
BRDA:17,1,1,0
BRDA:34,2,0,1
BRDA:34,2,1,0
BRDA:53,3,0,2
BRDA:53,3,1,1
BRDA:55,4,0,0
BRDA:55,4,1,1
BRF:10
BRH:5
end_of_record
TN:
SF:cronJob/cron.js
FN:5,doSomething
FN:8,(anonymous_1)
FNF:2
FNH:1
FNDA:1,doSomething
FNDA:0,(anonymous_1)
DA:1,1
DA:2,1
DA:3,1
DA:4,1
DA:5,1
DA:6,1
DA:7,1
DA:8,1
DA:9,0
DA:10,0
DA:11,0
DA:13,1
LF:12
LH:9
BRF:0
BRH:0
end_of_record
TN:
SF:helpers/bcrypt.js
FN:3,(anonymous_0)
FN:8,(anonymous_1)
FNF:2
FNH:2
FNDA:5,(anonymous_0)
FNDA:2,(anonymous_1)
DA:1,7
DA:3,7
DA:4,5
DA:5,5
DA:8,7
DA:9,2
DA:11,7
LF:7
LH:7
BRF:0
BRH:0
end_of_record
TN:
SF:helpers/jwt.js
FN:2,(anonymous_0)
FN:6,(anonymous_1)
FNF:2
FNH:2
FNDA:6,(anonymous_0)
FNDA:1,(anonymous_1)
DA:1,7
DA:2,7
DA:3,6
DA:6,7
DA:7,1
DA:10,7
LF:6
LH:6
BRF:0
BRH:0
end_of_record
TN:
SF:midlewares/auth.js
FN:3,(anonymous_0)
FNF:1
FNH:1
FNDA:17,(anonymous_0)
DA:1,7
DA:2,7
DA:3,7
DA:4,17
DA:5,17
DA:6,17
DA:7,16
DA:8,15
DA:9,15
DA:10,15
DA:11,1
DA:13,15
DA:14,15
DA:15,15
DA:17,2
LF:15
LH:15
BRDA:6,0,0,1
BRDA:6,0,1,16
BRDA:10,1,0,1
BRDA:10,1,1,14
BRDA:13,2,0,0
BRDA:13,2,1,15
BRF:6
BRH:5
end_of_record
TN:
SF:midlewares/errorHandler.js
FN:1,(anonymous_0)
FN:5,(anonymous_1)
FNF:2
FNH:2
FNDA:7,(anonymous_0)
FNDA:1,(anonymous_1)
DA:1,7
DA:2,7
DA:3,1
DA:4,6
DA:5,1
DA:6,1
DA:7,5
DA:8,3
DA:9,2
DA:10,1
DA:12,1
LF:11
LH:11
BRDA:2,0,0,1
BRDA:2,0,1,6
BRDA:4,1,0,1
BRDA:4,1,1,5
BRDA:7,2,0,3
BRDA:7,2,1,2
BRDA:9,3,0,1
BRDA:9,3,1,1
BRF:8
BRH:8
end_of_record
TN:
SF:models/automationschedules.js
FN:5,(anonymous_0)
FN:12,(anonymous_1)
FNF:2
FNH:2
FNDA:7,(anonymous_0)
FNDA:7,(anonymous_1)
DA:4,7
DA:5,7
DA:14,7
DA:15,7
DA:18,7
DA:28,7
LF:6
LH:6
BRF:0
BRH:0
end_of_record
TN:
SF:models/driver.js
FN:6,(anonymous_0)
FN:13,(anonymous_1)
FNF:2
FNH:2
FNDA:7,(anonymous_0)
FNDA:7,(anonymous_1)
DA:4,7
DA:5,7
DA:6,7
DA:17,7
DA:47,7
LF:5
LH:5
BRF:0
BRH:0
end_of_record
TN:
SF:models/favoritefoods.js
FN:5,(anonymous_0)
FN:12,(anonymous_1)
FNF:2
FNH:2
FNDA:7,(anonymous_0)
FNDA:7,(anonymous_1)
DA:4,7
DA:5,7
DA:14,7
DA:15,7
DA:16,7
DA:19,7
DA:27,7
LF:7
LH:7
BRF:0
BRH:0
end_of_record
TN:
SF:models/food.js
FN:5,(anonymous_0)
FN:12,(anonymous_1)
FNF:2
FNH:2
FNDA:7,(anonymous_0)
FNDA:7,(anonymous_1)
DA:4,7
DA:5,7
DA:14,7
DA:15,7
DA:16,7
DA:17,7
DA:20,7
DA:29,7
LF:8
LH:8
BRF:0
BRH:0
end_of_record
TN:
SF:models/index.js
FN:20,(anonymous_0)
FN:23,(anonymous_1)
FN:28,(anonymous_2)
FNF:3
FNH:3
FNDA:56,(anonymous_0)
FNDA:49,(anonymous_1)
FNDA:49,(anonymous_2)
DA:3,7
DA:4,7
DA:5,7
DA:6,7
DA:7,7
DA:8,7
DA:9,7
DA:12,7
DA:13,0
DA:15,7
DA:18,7
DA:21,56
DA:24,49
DA:25,49
DA:28,7
DA:29,49
DA:30,49
DA:34,7
DA:35,7
DA:37,7
LF:20
LH:19
BRDA:7,0,0,7
BRDA:7,0,1,0
BRDA:12,1,0,0
BRDA:12,1,1,7
BRDA:21,2,0,56
BRDA:21,2,1,56
BRDA:21,2,2,49
BRDA:29,3,0,49
BRDA:29,3,1,0
BRF:9
BRH:6
end_of_record
TN:
SF:models/orders.js
FN:5,(anonymous_0)
FN:12,(anonymous_1)
FN:32,(anonymous_2)
FNF:3
FNH:3
FNDA:7,(anonymous_0)
FNDA:7,(anonymous_1)
FNDA:1,(anonymous_2)
DA:4,7
DA:5,7
DA:14,7
DA:15,7
DA:16,7
DA:17,7
DA:20,7
DA:33,1
DA:37,7
LF:9
LH:9
BRDA:33,0,0,1
BRDA:33,0,1,0
BRF:2
BRH:1
end_of_record
TN:
SF:models/restaurants.js
FN:5,(anonymous_0)
FN:12,(anonymous_1)
FNF:2
FNH:2
FNDA:7,(anonymous_0)
FNDA:7,(anonymous_1)
DA:4,7
DA:5,7
DA:14,7
DA:15,7
DA:16,7
DA:17,7
DA:20,7
DA:28,7
LF:8
LH:8
BRF:0
BRH:0
end_of_record
TN:
SF:models/user.js
FN:6,(anonymous_0)
FN:13,(anonymous_1)
FN:44,(anonymous_2)
FNF:3
FNH:3
FNDA:7,(anonymous_0)
FNDA:7,(anonymous_1)
FNDA:5,(anonymous_2)
DA:4,7
DA:5,7
DA:6,7
DA:15,7
DA:16,7
DA:17,7
DA:20,7
DA:45,5
DA:46,5
DA:50,7
LF:10
LH:10
BRF:0
BRH:0
end_of_record
TN:
SF:routes/automationScheduleRoute.js
FNF:0
FNH:0
DA:1,7
DA:2,7
DA:4,7
DA:6,7
DA:7,7
DA:8,7
DA:9,7
DA:10,7
DA:11,7
DA:14,7
LF:10
LH:10
BRF:0
BRH:0
end_of_record
TN:
SF:routes/driverRoute.js
FNF:0
FNH:0
DA:1,7
DA:3,7
DA:5,7
DA:7,7
LF:4
LH:4
BRF:0
BRH:0
end_of_record
TN:
SF:routes/favoriteFoodRoute.js
FNF:0
FNH:0
DA:1,7
DA:2,7
DA:3,7
DA:4,7
DA:5,7
DA:6,7
DA:7,7
DA:8,7
DA:10,7
LF:9
LH:9
BRF:0
BRH:0
end_of_record
TN:
SF:routes/foodRoute.js
FNF:0
FNH:0
DA:1,7
DA:2,7
DA:4,7
DA:5,7
DA:7,7
LF:5
LH:5
BRF:0
BRH:0
end_of_record
TN:
SF:routes/index.js
FN:9,(anonymous_0)
FNF:1
FNH:0
FNDA:0,(anonymous_0)
DA:1,7
DA:2,7
DA:3,7
DA:4,7
DA:5,7
DA:6,7
DA:7,7
DA:8,7
DA:9,7
DA:10,0
DA:13,7
DA:14,7
DA:15,7
DA:16,7
DA:17,7
DA:18,7
DA:19,7
DA:21,7
LF:18
LH:17
BRF:0
BRH:0
end_of_record
TN:
SF:routes/orderRoute.js
FNF:0
FNH:0
DA:1,7
DA:2,7
DA:5,7
DA:7,7
DA:9,7
DA:10,7
DA:11,7
DA:12,7
DA:13,7
DA:14,7
DA:16,7
LF:11
LH:11
BRF:0
BRH:0
end_of_record
TN:
SF:routes/restaurantRoute.js
FNF:0
FNH:0
DA:1,7
DA:2,7
DA:3,7
DA:5,7
DA:6,7
DA:9,7
LF:6
LH:6
BRF:0
BRH:0
end_of_record
TN:
SF:routes/userRoute.js
FNF:0
FNH:0
DA:1,7
DA:2,7
DA:3,7
DA:5,7
DA:6,7
DA:7,7
DA:8,7
LF:7
LH:7
BRF:0
BRH:0
end_of_record
